#
# There is insufficient memory for the Java Runtime Environment to continue.
# Native memory allocation (mmap) failed to map 2122317824 bytes for G1 virtual space
# Possible reasons:
#   The system is out of physical RAM or swap space
#   The process is running with CompressedOops enabled, and the Java Heap may be blocking the growth of the native heap
# Possible solutions:
#   Reduce memory load on the system
#   Increase physical memory or swap space
#   Check if swap backing store is full
#   Decrease Java heap size (-Xmx/-Xms)
#   Decrease number of Java threads
#   Decrease Java thread stack sizes (-Xss)
#   Set larger code cache with -XX:ReservedCodeCacheSize=
#   JVM is running with Zero Based Compressed Oops mode in which the Java heap is
#     placed in the first 32GB address space. The Java Heap base address is the
#     maximum limit for the native heap growth. Please use -XX:HeapBaseMinAddress
#     to set the Java Heap base and to place the Java Heap above 32GB virtual address.
# This output file may be truncated or incomplete.
#
#  Out of Memory Error (os_windows.cpp:3551), pid=1224, tid=12804
#
# JRE version: Java(TM) SE Runtime Environment (17.0.14+8) (build 17.0.14+8-LTS-191)
# Java VM: Java HotSpot(TM) 64-Bit Server VM (17.0.14+8-LTS-191, mixed mode, sharing, tiered, compressed oops, compressed class ptrs, g1 gc, windows-amd64)
# No core dump will be written. Minidumps are not enabled by default on client versions of Windows
#

---------------  S U M M A R Y ------------

Command Line: --add-opens=java.base/java.lang=ALL-UNNAMED --add-opens=java.base/java.lang.invoke=ALL-UNNAMED --add-opens=java.base/java.util=ALL-UNNAMED --add-opens=java.prefs/java.util.prefs=ALL-UNNAMED --add-exports=jdk.compiler/com.sun.tools.javac.api=ALL-UNNAMED --add-exports=jdk.compiler/com.sun.tools.javac.util=ALL-UNNAMED --add-opens=java.base/java.util=ALL-UNNAMED --add-opens=java.prefs/java.util.prefs=ALL-UNNAMED --add-opens=java.base/java.nio.charset=ALL-UNNAMED --add-opens=java.base/java.net=ALL-UNNAMED --add-opens=java.base/java.util.concurrent.atomic=ALL-UNNAMED --add-opens=java.xml/javax.xml.namespace=ALL-UNNAMED -XX:MaxMetaspaceSize=4G -XX:ReservedCodeCacheSize=512m -XX:+HeapDumpOnOutOfMemoryError -Xmx8G -Dfile.encoding=UTF-8 -Duser.country=IN -Duser.language=en -Duser.variant -javaagent:C:\Users\hp\.gradle\wrapper\dists\gradle-8.12-all\ejduaidbjup3bmmkhw3rie4zb\gradle-8.12\lib\agents\gradle-instrumentation-agent-8.12.jar org.gradle.launcher.daemon.bootstrap.GradleDaemon 8.12

Host: AMD Ryzen 3 3250U with Radeon Graphics         , 4 cores, 3G,  Windows 10 , 64 bit Build 19041 (10.0.19041.5794)
Time: Fri Jun  6 14:27:04 2025 India Standard Time elapsed time: 953.218925 seconds (0d 0h 15m 53s)

---------------  T H R E A D  ---------------

Current thread (0x0000020cff686660):  VMThread "VM Thread" [stack: 0x0000007e5dc00000,0x0000007e5dd00000] [id=12804]

Stack: [0x0000007e5dc00000,0x0000007e5dd00000]
Native frames: (J=compiled Java code, j=interpreted, Vv=VM code, C=native code)
V  [jvm.dll+0x67a38a]
V  [jvm.dll+0x7da7ed]
V  [jvm.dll+0x7dc133]
V  [jvm.dll+0x7dc7a3]
V  [jvm.dll+0x24517f]
V  [jvm.dll+0x6773b9]
V  [jvm.dll+0x66c062]
V  [jvm.dll+0x302096]
V  [jvm.dll+0x309636]
V  [jvm.dll+0x359f8e]
V  [jvm.dll+0x35a1bf]
V  [jvm.dll+0x2d9168]
V  [jvm.dll+0x2d759d]
V  [jvm.dll+0x2d6bec]
V  [jvm.dll+0x31a74b]
V  [jvm.dll+0x7e109b]
V  [jvm.dll+0x7e1dd4]
V  [jvm.dll+0x7e22ed]
V  [jvm.dll+0x7e26c4]
V  [jvm.dll+0x7e2790]
V  [jvm.dll+0x78b04a]
V  [jvm.dll+0x679275]
C  [ucrtbase.dll+0x21bb2]
C  [KERNEL32.DLL+0x17374]
C  [ntdll.dll+0x4cc91]

VM_Operation (0x0000007e5f6fedd0): G1CollectForAllocation, mode: safepoint, requested by thread 0x0000020d45067a80


---------------  P R O C E S S  ---------------

Threads class SMR info:
_java_thread_list=0x0000020d4b4eeea0, length=89, elements={
0x0000020cec6cb2c0, 0x0000020cff68d260, 0x0000020cff68e800, 0x0000020cff69c650,
0x0000020cff69ff40, 0x0000020cff6a0810, 0x0000020cff6a10e0, 0x0000020cff6a2da0,
0x0000020cff6a4770, 0x0000020cff6a5c70, 0x0000020cff8d0fc0, 0x0000020cff96d250,
0x0000020d467800a0, 0x0000020d459f94e0, 0x0000020cffb83690, 0x0000020d45b35030,
0x0000020cff9d2de0, 0x0000020d45068ec0, 0x0000020d450689b0, 0x0000020d45067f90,
0x0000020d4506a810, 0x0000020d45067a80, 0x0000020d45067060, 0x0000020d4506a300,
0x0000020d450684a0, 0x0000020d45067570, 0x0000020d450698e0, 0x0000020d45069df0,
0x0000020d475e0060, 0x0000020d475e5160, 0x0000020d475e23d0, 0x0000020d475df640,
0x0000020d475e5670, 0x0000020d475e3300, 0x0000020d475e2df0, 0x0000020d475dfb50,
0x0000020d475e3810, 0x0000020d475e0570, 0x0000020d475e0a80, 0x0000020d475de710,
0x0000020d475e19b0, 0x0000020d475e3d20, 0x0000020d475e1ec0, 0x0000020d475e28e0,
0x0000020d475e4230, 0x0000020d475e4c50, 0x0000020d475df130, 0x0000020d472f16a0,
0x0000020d49518040, 0x0000020d4951d140, 0x0000020d4951add0, 0x0000020d4951c720,
0x0000020d4951d650, 0x0000020d4951e070, 0x0000020d4951b7f0, 0x0000020d4951f9c0,
0x0000020d49518550, 0x0000020d4951a3b0, 0x0000020d49519990, 0x0000020d49519ea0,
0x0000020d472ed4d0, 0x0000020d4aff5650, 0x0000020d4aff5b60, 0x0000020d4affa240,
0x0000020d4aff4720, 0x0000020d4affb170, 0x0000020d4aff6580, 0x0000020d472f0260,
0x0000020d475e6090, 0x0000020d4951a8c0, 0x0000020d49369c30, 0x0000020d4936ab60,
0x0000020d4936a650, 0x0000020d4936ced0, 0x0000020d4936bfa0, 0x0000020d4936b070,
0x0000020d4936c9c0, 0x0000020d49369210, 0x0000020d4936e310, 0x0000020d4936b580,
0x0000020d4936c4b0, 0x0000020d49369720, 0x0000020d49368d00, 0x0000020d4936a140,
0x0000020d49366ea0, 0x0000020d4936d3e0, 0x0000020d4936d8f0, 0x0000020d4936de00,
0x0000020d493687f0
}

Java Threads: ( => current thread )
  0x0000020cec6cb2c0 JavaThread "main" [_thread_blocked, id=9964, stack(0x0000007e5d600000,0x0000007e5d700000)]
  0x0000020cff68d260 JavaThread "Reference Handler" daemon [_thread_blocked, id=2604, stack(0x0000007e5dd00000,0x0000007e5de00000)]
  0x0000020cff68e800 JavaThread "Finalizer" daemon [_thread_blocked, id=10624, stack(0x0000007e5de00000,0x0000007e5df00000)]
  0x0000020cff69c650 JavaThread "Signal Dispatcher" daemon [_thread_blocked, id=2296, stack(0x0000007e5df00000,0x0000007e5e000000)]
  0x0000020cff69ff40 JavaThread "Attach Listener" daemon [_thread_blocked, id=12864, stack(0x0000007e5e000000,0x0000007e5e100000)]
  0x0000020cff6a0810 JavaThread "Service Thread" daemon [_thread_blocked, id=6688, stack(0x0000007e5e100000,0x0000007e5e200000)]
  0x0000020cff6a10e0 JavaThread "Monitor Deflation Thread" daemon [_thread_blocked, id=10576, stack(0x0000007e5e200000,0x0000007e5e300000)]
  0x0000020cff6a2da0 JavaThread "C2 CompilerThread0" daemon [_thread_blocked, id=12560, stack(0x0000007e5e300000,0x0000007e5e400000)]
  0x0000020cff6a4770 JavaThread "C1 CompilerThread0" daemon [_thread_blocked, id=12604, stack(0x0000007e5e400000,0x0000007e5e500000)]
  0x0000020cff6a5c70 JavaThread "Sweeper thread" daemon [_thread_blocked, id=12772, stack(0x0000007e5e500000,0x0000007e5e600000)]
  0x0000020cff8d0fc0 JavaThread "Common-Cleaner" daemon [_thread_blocked, id=12868, stack(0x0000007e5e600000,0x0000007e5e700000)]
  0x0000020cff96d250 JavaThread "Notification Thread" daemon [_thread_blocked, id=1420, stack(0x0000007e5e700000,0x0000007e5e800000)]
  0x0000020d467800a0 JavaThread "Daemon health stats" [_thread_blocked, id=1776, stack(0x0000007e5e900000,0x0000007e5ea00000)]
  0x0000020d459f94e0 JavaThread "Incoming local TCP Connector on port 51814" [_thread_in_native, id=11936, stack(0x0000007e5ee00000,0x0000007e5ef00000)]
  0x0000020cffb83690 JavaThread "Daemon periodic checks" [_thread_blocked, id=4848, stack(0x0000007e5ef00000,0x0000007e5f000000)]
  0x0000020d45b35030 JavaThread "Daemon" [_thread_blocked, id=1456, stack(0x0000007e5f000000,0x0000007e5f100000)]
  0x0000020cff9d2de0 JavaThread "Handler for socket connection from /127.0.0.1:51814 to /127.0.0.1:51815" [_thread_in_native, id=3200, stack(0x0000007e5f100000,0x0000007e5f200000)]
  0x0000020d45068ec0 JavaThread "Cancel handler" [_thread_blocked, id=12512, stack(0x0000007e5f200000,0x0000007e5f300000)]
  0x0000020d450689b0 JavaThread "Daemon worker" [_thread_blocked, id=13028, stack(0x0000007e5f300000,0x0000007e5f400000)]
  0x0000020d45067f90 JavaThread "Asynchronous log dispatcher for DefaultDaemonConnection: socket connection from /127.0.0.1:51814 to /127.0.0.1:51815" [_thread_blocked, id=8680, stack(0x0000007e5f400000,0x0000007e5f500000)]
  0x0000020d4506a810 JavaThread "Stdin handler" [_thread_blocked, id=1500, stack(0x0000007e5f500000,0x0000007e5f600000)]
  0x0000020d45067a80 JavaThread "Daemon client event forwarder" [_thread_blocked, id=3532, stack(0x0000007e5f600000,0x0000007e5f700000)]
  0x0000020d45067060 JavaThread "Cache worker for journal cache (C:\Users\hp\.gradle\caches\journal-1)" [_thread_blocked, id=12528, stack(0x0000007e5f700000,0x0000007e5f800000)]
  0x0000020d4506a300 JavaThread "File lock request listener" [_thread_in_native, id=8136, stack(0x0000007e5f800000,0x0000007e5f900000)]
  0x0000020d450684a0 JavaThread "Cache worker for file hash cache (C:\Users\hp\.gradle\caches\8.12\fileHashes)" [_thread_blocked, id=7768, stack(0x0000007e5f900000,0x0000007e5fa00000)]
  0x0000020d45067570 JavaThread "Cache worker for file hash cache (E:\smart_distributor\smart-distributor-app\android\.gradle\8.12\fileHashes)" [_thread_blocked, id=2732, stack(0x0000007e5fa00000,0x0000007e5fb00000)]
  0x0000020d450698e0 JavaThread "Cache worker for Build Output Cleanup Cache (E:\smart_distributor\smart-distributor-app\android\.gradle\buildOutputCleanup)" [_thread_blocked, id=7112, stack(0x0000007e5fb00000,0x0000007e5fc00000)]
  0x0000020d45069df0 JavaThread "File watcher server" daemon [_thread_in_native, id=1120, stack(0x0000007e5fc00000,0x0000007e5fd00000)]
  0x0000020d475e0060 JavaThread "File watcher consumer" daemon [_thread_blocked, id=9504, stack(0x0000007e5fd00000,0x0000007e5fe00000)]
  0x0000020d475e5160 JavaThread "jar transforms" [_thread_blocked, id=1796, stack(0x0000007e5fe00000,0x0000007e5ff00000)]
  0x0000020d475e23d0 JavaThread "jar transforms Thread 2" [_thread_blocked, id=13208, stack(0x0000007e5ff00000,0x0000007e60000000)]
  0x0000020d475df640 JavaThread "Cache worker for checksums cache (E:\smart_distributor\smart-distributor-app\android\.gradle\8.12\checksums)" [_thread_blocked, id=3748, stack(0x0000007e60000000,0x0000007e60100000)]
  0x0000020d475e5670 JavaThread "Cache worker for file content cache (C:\Users\hp\.gradle\caches\8.12\fileContent)" [_thread_blocked, id=5196, stack(0x0000007e60100000,0x0000007e60200000)]
  0x0000020d475e3300 JavaThread "Cache worker for cache directory md-rule (C:\Users\hp\.gradle\caches\8.12\md-rule)" [_thread_blocked, id=1212, stack(0x0000007e60200000,0x0000007e60300000)]
  0x0000020d475e2df0 JavaThread "Cache worker for cache directory md-supplier (C:\Users\hp\.gradle\caches\8.12\md-supplier)" [_thread_blocked, id=4532, stack(0x0000007e60300000,0x0000007e60400000)]
  0x0000020d475dfb50 JavaThread "Cache worker for Build Output Cleanup Cache (E:\smart_distributor\flutter_windows_3.32.2-stable\flutter\packages\flutter_tools\gradle\.gradle\buildOutputCleanup)" [_thread_blocked, id=11528, stack(0x0000007e60400000,0x0000007e60500000)]
  0x0000020d475e3810 JavaThread "Unconstrained build operations" [_thread_blocked, id=1628, stack(0x0000007e60500000,0x0000007e60600000)]
  0x0000020d475e0570 JavaThread "Unconstrained build operations Thread 2" [_thread_blocked, id=12596, stack(0x0000007e60600000,0x0000007e60700000)]
  0x0000020d475e0a80 JavaThread "Unconstrained build operations Thread 3" [_thread_blocked, id=7472, stack(0x0000007e60700000,0x0000007e60800000)]
  0x0000020d475de710 JavaThread "Unconstrained build operations Thread 4" [_thread_blocked, id=11416, stack(0x0000007e60800000,0x0000007e60900000)]
  0x0000020d475e19b0 JavaThread "Unconstrained build operations Thread 5" [_thread_blocked, id=12948, stack(0x0000007e60900000,0x0000007e60a00000)]
  0x0000020d475e3d20 JavaThread "Unconstrained build operations Thread 6" [_thread_blocked, id=12572, stack(0x0000007e60a00000,0x0000007e60b00000)]
  0x0000020d475e1ec0 JavaThread "Unconstrained build operations Thread 7" [_thread_blocked, id=8320, stack(0x0000007e60b00000,0x0000007e60c00000)]
  0x0000020d475e28e0 JavaThread "Unconstrained build operations Thread 8" [_thread_blocked, id=12056, stack(0x0000007e60c00000,0x0000007e60d00000)]
  0x0000020d475e4230 JavaThread "Unconstrained build operations Thread 9" [_thread_blocked, id=2888, stack(0x0000007e60d00000,0x0000007e60e00000)]
  0x0000020d475e4c50 JavaThread "Memory manager" [_thread_blocked, id=1004, stack(0x0000007e61000000,0x0000007e61100000)]
  0x0000020d475df130 JavaThread "build event listener" [_thread_blocked, id=6040, stack(0x0000007e61100000,0x0000007e61200000)]
  0x0000020d472f16a0 JavaThread "Kotlin DSL Writer" [_thread_blocked, id=6052, stack(0x0000007e61200000,0x0000007e61300000)]
  0x0000020d49518040 JavaThread "Execution worker" [_thread_blocked, id=11320, stack(0x0000007e5d400000,0x0000007e5d500000)]
  0x0000020d4951d140 JavaThread "Execution worker Thread 2" [_thread_blocked, id=13300, stack(0x0000007e5d500000,0x0000007e5d600000)]
  0x0000020d4951add0 JavaThread "Execution worker Thread 3" [_thread_blocked, id=6584, stack(0x0000007e61300000,0x0000007e61400000)]
  0x0000020d4951c720 JavaThread "Cache worker for execution history cache (E:\smart_distributor\flutter_windows_3.32.2-stable\flutter\packages\flutter_tools\gradle\.gradle\8.12\executionHistory)" [_thread_blocked, id=2428, stack(0x0000007e61400000,0x0000007e61500000)]
  0x0000020d4951d650 JavaThread "Unconstrained build operations Thread 10" [_thread_blocked, id=5380, stack(0x0000007e61500000,0x0000007e61600000)]
  0x0000020d4951e070 JavaThread "Unconstrained build operations Thread 11" [_thread_blocked, id=11444, stack(0x0000007e61600000,0x0000007e61700000)]
  0x0000020d4951b7f0 JavaThread "Unconstrained build operations Thread 12" [_thread_blocked, id=12832, stack(0x0000007e61700000,0x0000007e61800000)]
  0x0000020d4951f9c0 JavaThread "Unconstrained build operations Thread 13" [_thread_blocked, id=7828, stack(0x0000007e61800000,0x0000007e61900000)]
  0x0000020d49518550 JavaThread "Unconstrained build operations Thread 14" [_thread_blocked, id=8800, stack(0x0000007e61900000,0x0000007e61a00000)]
  0x0000020d4951a3b0 JavaThread "Unconstrained build operations Thread 15" [_thread_blocked, id=13124, stack(0x0000007e61a00000,0x0000007e61b00000)]
  0x0000020d49519990 JavaThread "Unconstrained build operations Thread 16" [_thread_blocked, id=10792, stack(0x0000007e61b00000,0x0000007e61c00000)]
  0x0000020d49519ea0 JavaThread "Unconstrained build operations Thread 17" [_thread_blocked, id=13296, stack(0x0000007e61c00000,0x0000007e61d00000)]
  0x0000020d472ed4d0 JavaThread "Unconstrained build operations Thread 18" [_thread_blocked, id=8768, stack(0x0000007e61d00000,0x0000007e61e00000)]
  0x0000020d4aff5650 JavaThread "Unconstrained build operations Thread 19" [_thread_blocked, id=1268, stack(0x0000007e60e00000,0x0000007e60f00000)]
  0x0000020d4aff5b60 JavaThread "Unconstrained build operations Thread 20" [_thread_blocked, id=8720, stack(0x0000007e61e00000,0x0000007e61f00000)]
  0x0000020d4affa240 JavaThread "Unconstrained build operations Thread 21" [_thread_blocked, id=9948, stack(0x0000007e61f00000,0x0000007e62000000)]
  0x0000020d4aff4720 JavaThread "Unconstrained build operations Thread 22" [_thread_blocked, id=12676, stack(0x0000007e62000000,0x0000007e62100000)]
  0x0000020d4affb170 JavaThread "WorkerExecutor Queue" [_thread_blocked, id=10508, stack(0x0000007e62100000,0x0000007e62200000)]
  0x0000020d4aff6580 JavaThread "RMI Scheduler(0)" daemon [_thread_blocked, id=6168, stack(0x0000007e62200000,0x0000007e62300000)]
  0x0000020d472f0260 JavaThread "RMI GC Daemon" daemon [_thread_blocked, id=8796, stack(0x0000007e62400000,0x0000007e62500000)]
  0x0000020d475e6090 JavaThread "RMI TCP Accept-0" daemon [_thread_in_native, id=10156, stack(0x0000007e62500000,0x0000007e62600000)]
  0x0000020d4951a8c0 JavaThread "RMI Reaper" [_thread_blocked, id=12372, stack(0x0000007e62600000,0x0000007e62700000)]
  0x0000020d49369c30 JavaThread "Unconstrained build operations Thread 23" [_thread_blocked, id=12792, stack(0x0000007e62800000,0x0000007e62900000)]
  0x0000020d4936ab60 JavaThread "Unconstrained build operations Thread 24" [_thread_blocked, id=12160, stack(0x0000007e62900000,0x0000007e62a00000)]
  0x0000020d4936a650 JavaThread "Unconstrained build operations Thread 25" [_thread_blocked, id=9968, stack(0x0000007e62a00000,0x0000007e62b00000)]
  0x0000020d4936ced0 JavaThread "Unconstrained build operations Thread 26" [_thread_blocked, id=2736, stack(0x0000007e62700000,0x0000007e62800000)]
  0x0000020d4936bfa0 JavaThread "Unconstrained build operations Thread 27" [_thread_blocked, id=12092, stack(0x0000007e62b00000,0x0000007e62c00000)]
  0x0000020d4936b070 JavaThread "Unconstrained build operations Thread 28" [_thread_blocked, id=11164, stack(0x0000007e62c00000,0x0000007e62d00000)]
  0x0000020d4936c9c0 JavaThread "Unconstrained build operations Thread 29" [_thread_blocked, id=7736, stack(0x0000007e62d00000,0x0000007e62e00000)]
  0x0000020d49369210 JavaThread "Unconstrained build operations Thread 30" [_thread_blocked, id=4464, stack(0x0000007e62e00000,0x0000007e62f00000)]
  0x0000020d4936e310 JavaThread "Unconstrained build operations Thread 31" [_thread_blocked, id=6848, stack(0x0000007e62f00000,0x0000007e63000000)]
  0x0000020d4936b580 JavaThread "Unconstrained build operations Thread 32" [_thread_blocked, id=6644, stack(0x0000007e63000000,0x0000007e63100000)]
  0x0000020d4936c4b0 JavaThread "Unconstrained build operations Thread 33" [_thread_blocked, id=2600, stack(0x0000007e63100000,0x0000007e63200000)]
  0x0000020d49369720 JavaThread "Unconstrained build operations Thread 34" [_thread_blocked, id=10992, stack(0x0000007e63200000,0x0000007e63300000)]
  0x0000020d49368d00 JavaThread "Unconstrained build operations Thread 35" [_thread_blocked, id=8432, stack(0x0000007e63300000,0x0000007e63400000)]
  0x0000020d4936a140 JavaThread "Unconstrained build operations Thread 36" [_thread_blocked, id=1124, stack(0x0000007e63400000,0x0000007e63500000)]
  0x0000020d49366ea0 JavaThread "Unconstrained build operations Thread 37" [_thread_blocked, id=1128, stack(0x0000007e63500000,0x0000007e63600000)]
  0x0000020d4936d3e0 JavaThread "Unconstrained build operations Thread 38" [_thread_blocked, id=7428, stack(0x0000007e63600000,0x0000007e63700000)]
  0x0000020d4936d8f0 JavaThread "Unconstrained build operations Thread 39" [_thread_blocked, id=1540, stack(0x0000007e63700000,0x0000007e63800000)]
  0x0000020d4936de00 JavaThread "Unconstrained build operations Thread 40" [_thread_blocked, id=8644, stack(0x0000007e63800000,0x0000007e63900000)]
  0x0000020d493687f0 JavaThread "RMI TCP Connection(idle)" daemon [_thread_blocked, id=11752, stack(0x0000007e5d300000,0x0000007e5d400000)]

Other Threads:
=>0x0000020cff686660 VMThread "VM Thread" [stack: 0x0000007e5dc00000,0x0000007e5dd00000] [id=12804]
  0x0000020cec6cc190 WatcherThread [stack: 0x0000007e5e800000,0x0000007e5e900000] [id=12460]
  0x0000020cec776240 GCTaskThread "GC Thread#0" [stack: 0x0000007e5d700000,0x0000007e5d800000] [id=10648]
  0x0000020cffad2dd0 GCTaskThread "GC Thread#1" [stack: 0x0000007e5ea00000,0x0000007e5eb00000] [id=13284]
  0x0000020cffaf2d10 GCTaskThread "GC Thread#2" [stack: 0x0000007e5eb00000,0x0000007e5ec00000] [id=4920]
  0x0000020d45f30190 GCTaskThread "GC Thread#3" [stack: 0x0000007e5ec00000,0x0000007e5ed00000] [id=13232]
  0x0000020cec7870a0 ConcurrentGCThread "G1 Main Marker" [stack: 0x0000007e5d800000,0x0000007e5d900000] [id=8724]
  0x0000020cec7879c0 ConcurrentGCThread "G1 Conc#0" [stack: 0x0000007e5d900000,0x0000007e5da00000] [id=12668]
  0x0000020cff53a130 ConcurrentGCThread "G1 Refine#0" [stack: 0x0000007e5da00000,0x0000007e5db00000] [id=5988]
  0x0000020d45a76700 ConcurrentGCThread "G1 Refine#1" [stack: 0x0000007e5ed00000,0x0000007e5ee00000] [id=5404]
  0x0000020cff53a970 ConcurrentGCThread "G1 Service" [stack: 0x0000007e5db00000,0x0000007e5dc00000] [id=7860]

Threads with active compile tasks:

VM state: at safepoint (normal execution)

VM Mutex/Monitor currently owned by a thread:  ([mutex/lock_event])
[0x0000020cec6c5060] Threads_lock - owner thread: 0x0000020cff686660
[0x0000020cec6c5d50] Heap_lock - owner thread: 0x0000020d45067a80

Heap address: 0x0000000600000000, size: 8192 MB, Compressed Oops mode: Zero based, Oop shift amount: 3

CDS archive(s) mapped at: [0x0000020d00000000-0x0000020d00bd0000-0x0000020d00bd0000), size 12386304, SharedBaseAddress: 0x0000020d00000000, ArchiveRelocationMode: 1.
Compressed class space mapped at: 0x0000020d01000000-0x0000020d41000000, reserved size: 1073741824
Narrow klass base: 0x0000020d00000000, Narrow klass shift: 0, Narrow klass range: 0x100000000

GC Precious Log:
 CPUs: 4 total, 4 available
 Memory: 3498M
 Large Page Support: Disabled
 NUMA Support: Disabled
 Compressed Oops: Enabled (Zero based)
 Heap Region Size: 4M
 Heap Min Capacity: 8M
 Heap Initial Capacity: 56M
 Heap Max Capacity: 8G
 Pre-touch: Disabled
 Parallel Workers: 4
 Concurrent Workers: 1
 Concurrent Refinement Workers: 4
 Periodic GC: Disabled

Heap:
 garbage-first heap   total 1331200K, used 218481K [0x0000000600000000, 0x0000000800000000)
  region size 4096K, 1 young (4096K), 1 survivors (4096K)
 Metaspace       used 156381K, committed 157376K, reserved 1245184K
  class space    used 19850K, committed 20288K, reserved 1048576K

Heap Regions: E=young(eden), S=young(survivor), O=old, HS=humongous(starts), HC=humongous(continues), CS=collection set, F=free, OA=open archive, CA=closed archive, TAMS=top-at-mark-start (previous, next)
|   0|0x0000000600000000, 0x0000000600400000, 0x0000000600400000|100%|HS|  |TAMS 0x0000000600400000, 0x0000000600000000| Complete 
|   1|0x0000000600400000, 0x0000000600800000, 0x0000000600800000|100%| O|  |TAMS 0x0000000600800000, 0x0000000600400000| Untracked 
|   2|0x0000000600800000, 0x0000000600c00000, 0x0000000600c00000|100%| O|  |TAMS 0x0000000600c00000, 0x0000000600800000| Untracked 
|   3|0x0000000600c00000, 0x0000000601000000, 0x0000000601000000|100%| O|  |TAMS 0x0000000601000000, 0x0000000600c00000| Untracked 
|   4|0x0000000601000000, 0x0000000601400000, 0x0000000601400000|100%| O|  |TAMS 0x0000000601400000, 0x0000000601000000| Untracked 
|   5|0x0000000601400000, 0x0000000601800000, 0x0000000601800000|100%| O|  |TAMS 0x0000000601800000, 0x0000000601400000| Untracked 
|   6|0x0000000601800000, 0x0000000601c00000, 0x0000000601c00000|100%| O|  |TAMS 0x0000000601c00000, 0x0000000601800000| Untracked 
|   7|0x0000000601c00000, 0x0000000602000000, 0x0000000602000000|100%| O|  |TAMS 0x0000000602000000, 0x0000000601c00000| Untracked 
|   8|0x0000000602000000, 0x0000000602400000, 0x0000000602400000|100%| O|  |TAMS 0x0000000602400000, 0x0000000602000000| Untracked 
|   9|0x0000000602400000, 0x0000000602800000, 0x0000000602800000|100%| O|  |TAMS 0x0000000602800000, 0x0000000602400000| Untracked 
|  10|0x0000000602800000, 0x0000000602c00000, 0x0000000602c00000|100%| O|  |TAMS 0x0000000602c00000, 0x0000000602800000| Untracked 
|  11|0x0000000602c00000, 0x0000000603000000, 0x0000000603000000|100%|HS|  |TAMS 0x0000000603000000, 0x0000000602c00000| Complete 
|  12|0x0000000603000000, 0x0000000603400000, 0x0000000603400000|100%| O|  |TAMS 0x0000000603400000, 0x0000000603000000| Untracked 
|  13|0x0000000603400000, 0x0000000603800000, 0x0000000603800000|100%| O|  |TAMS 0x0000000603800000, 0x0000000603400000| Untracked 
|  14|0x0000000603800000, 0x0000000603c00000, 0x0000000603c00000|100%|HS|  |TAMS 0x0000000603c00000, 0x0000000603800000| Complete 
|  15|0x0000000603c00000, 0x0000000604000000, 0x0000000604000000|100%| O|  |TAMS 0x0000000604000000, 0x0000000603c00000| Untracked 
|  16|0x0000000604000000, 0x0000000604400000, 0x0000000604400000|100%| O|  |TAMS 0x0000000604400000, 0x0000000604000000| Untracked 
|  17|0x0000000604400000, 0x0000000604800000, 0x0000000604800000|100%| O|  |TAMS 0x0000000604800000, 0x0000000604400000| Untracked 
|  18|0x0000000604800000, 0x0000000604c00000, 0x0000000604c00000|100%| O|  |TAMS 0x0000000604c00000, 0x0000000604800000| Untracked 
|  19|0x0000000604c00000, 0x0000000605000000, 0x0000000605000000|100%| O|  |TAMS 0x0000000605000000, 0x0000000604c00000| Untracked 
|  20|0x0000000605000000, 0x0000000605400000, 0x0000000605400000|100%| O|  |TAMS 0x0000000605400000, 0x0000000605000000| Untracked 
|  21|0x0000000605400000, 0x0000000605800000, 0x0000000605800000|100%| O|  |TAMS 0x0000000605400000, 0x0000000605400000| Untracked 
|  22|0x0000000605800000, 0x0000000605c00000, 0x0000000605c00000|100%| O|  |TAMS 0x0000000605800000, 0x0000000605800000| Untracked 
|  23|0x0000000605c00000, 0x0000000606000000, 0x0000000606000000|100%| O|  |TAMS 0x0000000605c00000, 0x0000000605c00000| Untracked 
|  24|0x0000000606000000, 0x0000000606400000, 0x0000000606400000|100%| O|  |TAMS 0x0000000606400000, 0x0000000606000000| Untracked 
|  25|0x0000000606400000, 0x0000000606800000, 0x0000000606800000|100%| O|  |TAMS 0x0000000606800000, 0x0000000606400000| Untracked 
|  26|0x0000000606800000, 0x0000000606c00000, 0x0000000606c00000|100%| O|  |TAMS 0x0000000606c00000, 0x0000000606800000| Untracked 
|  27|0x0000000606c00000, 0x0000000607000000, 0x0000000607000000|100%| O|  |TAMS 0x0000000606c00000, 0x0000000606c00000| Untracked 
|  28|0x0000000607000000, 0x0000000607400000, 0x0000000607400000|100%| O|  |TAMS 0x0000000607400000, 0x0000000607000000| Untracked 
|  29|0x0000000607400000, 0x0000000607800000, 0x0000000607800000|100%| O|  |TAMS 0x0000000607800000, 0x0000000607400000| Untracked 
|  30|0x0000000607800000, 0x0000000607c00000, 0x0000000607c00000|100%| O|  |TAMS 0x0000000607c00000, 0x0000000607800000| Untracked 
|  31|0x0000000607c00000, 0x0000000608000000, 0x0000000608000000|100%| O|  |TAMS 0x0000000608000000, 0x0000000607c00000| Untracked 
|  32|0x0000000608000000, 0x0000000608400000, 0x0000000608400000|100%| O|  |TAMS 0x0000000608400000, 0x0000000608000000| Untracked 
|  33|0x0000000608400000, 0x0000000608800000, 0x0000000608800000|100%| O|  |TAMS 0x0000000608800000, 0x0000000608400000| Untracked 
|  34|0x0000000608800000, 0x0000000608c00000, 0x0000000608c00000|100%| O|  |TAMS 0x0000000608800000, 0x0000000608800000| Untracked 
|  35|0x0000000608c00000, 0x0000000609000000, 0x0000000609000000|100%| O|  |TAMS 0x0000000608c00000, 0x0000000608c00000| Untracked 
|  36|0x0000000609000000, 0x0000000609400000, 0x0000000609400000|100%| O|  |TAMS 0x0000000609400000, 0x0000000609000000| Untracked 
|  37|0x0000000609400000, 0x0000000609800000, 0x0000000609800000|100%| O|  |TAMS 0x0000000609718400, 0x0000000609400000| Untracked 
|  38|0x0000000609800000, 0x0000000609c00000, 0x0000000609c00000|100%| O|  |TAMS 0x0000000609800000, 0x0000000609800000| Untracked 
|  39|0x0000000609c00000, 0x000000060a000000, 0x000000060a000000|100%| O|  |TAMS 0x0000000609c00000, 0x0000000609c00000| Untracked 
|  40|0x000000060a000000, 0x000000060a400000, 0x000000060a400000|100%| O|  |TAMS 0x000000060a000000, 0x000000060a000000| Untracked 
|  41|0x000000060a400000, 0x000000060a800000, 0x000000060a800000|100%| O|  |TAMS 0x000000060a400000, 0x000000060a400000| Untracked 
|  42|0x000000060a800000, 0x000000060ac00000, 0x000000060ac00000|100%| O|  |TAMS 0x000000060a800000, 0x000000060a800000| Untracked 
|  43|0x000000060ac00000, 0x000000060b000000, 0x000000060b000000|100%| O|  |TAMS 0x000000060ac00000, 0x000000060ac00000| Untracked 
|  44|0x000000060b000000, 0x000000060b400000, 0x000000060b400000|100%| O|  |TAMS 0x000000060b000000, 0x000000060b000000| Untracked 
|  45|0x000000060b400000, 0x000000060b800000, 0x000000060b800000|100%| O|  |TAMS 0x000000060b400000, 0x000000060b400000| Untracked 
|  46|0x000000060b800000, 0x000000060bc00000, 0x000000060bc00000|100%| O|  |TAMS 0x000000060b800000, 0x000000060b800000| Untracked 
|  47|0x000000060bc00000, 0x000000060c000000, 0x000000060c000000|100%| O|  |TAMS 0x000000060bc00000, 0x000000060bc00000| Untracked 
|  48|0x000000060c000000, 0x000000060c400000, 0x000000060c400000|100%| O|  |TAMS 0x000000060c000000, 0x000000060c000000| Untracked 
|  49|0x000000060c400000, 0x000000060c800000, 0x000000060c800000|100%| O|  |TAMS 0x000000060c400000, 0x000000060c400000| Untracked 
|  50|0x000000060c800000, 0x000000060cc00000, 0x000000060cc00000|100%| O|  |TAMS 0x000000060c800000, 0x000000060c800000| Untracked 
|  51|0x000000060cc00000, 0x000000060d000000, 0x000000060d000000|100%| O|  |TAMS 0x000000060cc00000, 0x000000060cc00000| Untracked 
|  52|0x000000060d000000, 0x000000060d338e00, 0x000000060d400000| 80%| O|  |TAMS 0x000000060d000000, 0x000000060d000000| Untracked 
|  53|0x000000060d400000, 0x000000060d400000, 0x000000060d800000|  0%| F|  |TAMS 0x000000060d400000, 0x000000060d400000| Untracked 
|  54|0x000000060d800000, 0x000000060d800000, 0x000000060dc00000|  0%| F|  |TAMS 0x000000060d800000, 0x000000060d800000| Untracked 
|  55|0x000000060dc00000, 0x000000060dc00000, 0x000000060e000000|  0%| F|  |TAMS 0x000000060dc00000, 0x000000060dc00000| Untracked 
|  56|0x000000060e000000, 0x000000060e000000, 0x000000060e400000|  0%| F|  |TAMS 0x000000060e000000, 0x000000060e000000| Untracked 
|  57|0x000000060e400000, 0x000000060e400000, 0x000000060e800000|  0%| F|  |TAMS 0x000000060e400000, 0x000000060e400000| Untracked 
|  58|0x000000060e800000, 0x000000060e800000, 0x000000060ec00000|  0%| F|  |TAMS 0x000000060e800000, 0x000000060e800000| Untracked 
|  59|0x000000060ec00000, 0x000000060ec00000, 0x000000060f000000|  0%| F|  |TAMS 0x000000060ec00000, 0x000000060ec00000| Untracked 
|  60|0x000000060f000000, 0x000000060f000000, 0x000000060f400000|  0%| F|  |TAMS 0x000000060f000000, 0x000000060f000000| Untracked 
|  61|0x000000060f400000, 0x000000060f400000, 0x000000060f800000|  0%| F|  |TAMS 0x000000060f400000, 0x000000060f400000| Untracked 
|  62|0x000000060f800000, 0x000000060f800000, 0x000000060fc00000|  0%| F|  |TAMS 0x000000060f800000, 0x000000060f800000| Untracked 
|  63|0x000000060fc00000, 0x000000060fc00000, 0x0000000610000000|  0%| F|  |TAMS 0x000000060fc00000, 0x000000060fc00000| Untracked 
|  64|0x0000000610000000, 0x0000000610000000, 0x0000000610400000|  0%| F|  |TAMS 0x0000000610000000, 0x0000000610000000| Untracked 
|  65|0x0000000610400000, 0x0000000610400000, 0x0000000610800000|  0%| F|  |TAMS 0x0000000610400000, 0x0000000610400000| Untracked 
|  66|0x0000000610800000, 0x0000000610800000, 0x0000000610c00000|  0%| F|  |TAMS 0x0000000610800000, 0x0000000610800000| Untracked 
|  67|0x0000000610c00000, 0x0000000610c00000, 0x0000000611000000|  0%| F|  |TAMS 0x0000000610c00000, 0x0000000610c00000| Untracked 
|  68|0x0000000611000000, 0x0000000611000000, 0x0000000611400000|  0%| F|  |TAMS 0x0000000611000000, 0x0000000611000000| Untracked 
|  69|0x0000000611400000, 0x0000000611400000, 0x0000000611800000|  0%| F|  |TAMS 0x0000000611400000, 0x0000000611400000| Untracked 
|  70|0x0000000611800000, 0x0000000611800000, 0x0000000611c00000|  0%| F|  |TAMS 0x0000000611800000, 0x0000000611800000| Untracked 
|  71|0x0000000611c00000, 0x0000000611c00000, 0x0000000612000000|  0%| F|  |TAMS 0x0000000611c00000, 0x0000000611c00000| Untracked 
|  72|0x0000000612000000, 0x0000000612000000, 0x0000000612400000|  0%| F|  |TAMS 0x0000000612000000, 0x0000000612000000| Untracked 
|  73|0x0000000612400000, 0x0000000612400000, 0x0000000612800000|  0%| F|  |TAMS 0x0000000612400000, 0x0000000612400000| Untracked 
|  74|0x0000000612800000, 0x0000000612800000, 0x0000000612c00000|  0%| F|  |TAMS 0x0000000612800000, 0x0000000612800000| Untracked 
|  75|0x0000000612c00000, 0x0000000612c00000, 0x0000000613000000|  0%| F|  |TAMS 0x0000000612c00000, 0x0000000612c00000| Untracked 
|  76|0x0000000613000000, 0x0000000613000000, 0x0000000613400000|  0%| F|  |TAMS 0x0000000613000000, 0x0000000613000000| Untracked 
|  77|0x0000000613400000, 0x0000000613400000, 0x0000000613800000|  0%| F|  |TAMS 0x0000000613400000, 0x0000000613400000| Untracked 
|  78|0x0000000613800000, 0x0000000613800000, 0x0000000613c00000|  0%| F|  |TAMS 0x0000000613800000, 0x0000000613800000| Untracked 
|  79|0x0000000613c00000, 0x0000000613c00000, 0x0000000614000000|  0%| F|  |TAMS 0x0000000613c00000, 0x0000000613c00000| Untracked 
|  80|0x0000000614000000, 0x0000000614000000, 0x0000000614400000|  0%| F|  |TAMS 0x0000000614000000, 0x0000000614000000| Untracked 
|  81|0x0000000614400000, 0x0000000614400000, 0x0000000614800000|  0%| F|  |TAMS 0x0000000614400000, 0x0000000614400000| Untracked 
|  82|0x0000000614800000, 0x0000000614800000, 0x0000000614c00000|  0%| F|  |TAMS 0x0000000614800000, 0x0000000614800000| Untracked 
|  83|0x0000000614c00000, 0x0000000614c00000, 0x0000000615000000|  0%| F|  |TAMS 0x0000000614c00000, 0x0000000614c00000| Untracked 
|  84|0x0000000615000000, 0x0000000615000000, 0x0000000615400000|  0%| F|  |TAMS 0x0000000615000000, 0x0000000615000000| Untracked 
|  85|0x0000000615400000, 0x0000000615400000, 0x0000000615800000|  0%| F|  |TAMS 0x0000000615400000, 0x0000000615400000| Untracked 
|  86|0x0000000615800000, 0x0000000615800000, 0x0000000615c00000|  0%| F|  |TAMS 0x0000000615800000, 0x0000000615800000| Untracked 
|  87|0x0000000615c00000, 0x0000000615c00000, 0x0000000616000000|  0%| F|  |TAMS 0x0000000615c00000, 0x0000000615c00000| Untracked 
|  88|0x0000000616000000, 0x0000000616000000, 0x0000000616400000|  0%| F|  |TAMS 0x0000000616000000, 0x0000000616000000| Untracked 
|  89|0x0000000616400000, 0x0000000616400000, 0x0000000616800000|  0%| F|  |TAMS 0x0000000616400000, 0x0000000616400000| Untracked 
|  90|0x0000000616800000, 0x0000000616800000, 0x0000000616c00000|  0%| F|  |TAMS 0x0000000616800000, 0x0000000616800000| Untracked 
|  91|0x0000000616c00000, 0x0000000616c00000, 0x0000000617000000|  0%| F|  |TAMS 0x0000000616c00000, 0x0000000616c00000| Untracked 
|  92|0x0000000617000000, 0x0000000617000000, 0x0000000617400000|  0%| F|  |TAMS 0x0000000617000000, 0x0000000617000000| Untracked 
|  93|0x0000000617400000, 0x0000000617400000, 0x0000000617800000|  0%| F|  |TAMS 0x0000000617400000, 0x0000000617400000| Untracked 
|  94|0x0000000617800000, 0x0000000617800000, 0x0000000617c00000|  0%| F|  |TAMS 0x0000000617800000, 0x0000000617800000| Untracked 
|  95|0x0000000617c00000, 0x0000000617c00000, 0x0000000618000000|  0%| F|  |TAMS 0x0000000617c00000, 0x0000000617c00000| Untracked 
|  96|0x0000000618000000, 0x0000000618000000, 0x0000000618400000|  0%| F|  |TAMS 0x0000000618000000, 0x0000000618000000| Untracked 
|  97|0x0000000618400000, 0x0000000618400000, 0x0000000618800000|  0%| F|  |TAMS 0x0000000618400000, 0x0000000618400000| Untracked 
|  98|0x0000000618800000, 0x0000000618800000, 0x0000000618c00000|  0%| F|  |TAMS 0x0000000618800000, 0x0000000618800000| Untracked 
|  99|0x0000000618c00000, 0x0000000618c00000, 0x0000000619000000|  0%| F|  |TAMS 0x0000000618c00000, 0x0000000618c00000| Untracked 
| 100|0x0000000619000000, 0x0000000619000000, 0x0000000619400000|  0%| F|  |TAMS 0x0000000619000000, 0x0000000619000000| Untracked 
| 101|0x0000000619400000, 0x0000000619400000, 0x0000000619800000|  0%| F|  |TAMS 0x0000000619400000, 0x0000000619400000| Untracked 
| 102|0x0000000619800000, 0x0000000619800000, 0x0000000619c00000|  0%| F|  |TAMS 0x0000000619800000, 0x0000000619800000| Untracked 
| 103|0x0000000619c00000, 0x0000000619c00000, 0x000000061a000000|  0%| F|  |TAMS 0x0000000619c00000, 0x0000000619c00000| Untracked 
| 104|0x000000061a000000, 0x000000061a000000, 0x000000061a400000|  0%| F|  |TAMS 0x000000061a000000, 0x000000061a000000| Untracked 
| 105|0x000000061a400000, 0x000000061a400000, 0x000000061a800000|  0%| F|  |TAMS 0x000000061a400000, 0x000000061a400000| Untracked 
| 106|0x000000061a800000, 0x000000061a800000, 0x000000061ac00000|  0%| F|  |TAMS 0x000000061a800000, 0x000000061a800000| Untracked 
| 107|0x000000061ac00000, 0x000000061ac00000, 0x000000061b000000|  0%| F|  |TAMS 0x000000061ac00000, 0x000000061ac00000| Untracked 
| 108|0x000000061b000000, 0x000000061b000000, 0x000000061b400000|  0%| F|  |TAMS 0x000000061b000000, 0x000000061b000000| Untracked 
| 109|0x000000061b400000, 0x000000061b400000, 0x000000061b800000|  0%| F|  |TAMS 0x000000061b400000, 0x000000061b400000| Untracked 
| 110|0x000000061b800000, 0x000000061b800000, 0x000000061bc00000|  0%| F|  |TAMS 0x000000061b800000, 0x000000061b800000| Untracked 
| 111|0x000000061bc00000, 0x000000061bc00000, 0x000000061c000000|  0%| F|  |TAMS 0x000000061bc00000, 0x000000061bc00000| Untracked 
| 112|0x000000061c000000, 0x000000061c000000, 0x000000061c400000|  0%| F|  |TAMS 0x000000061c000000, 0x000000061c000000| Untracked 
| 113|0x000000061c400000, 0x000000061c400000, 0x000000061c800000|  0%| F|  |TAMS 0x000000061c400000, 0x000000061c400000| Untracked 
| 114|0x000000061c800000, 0x000000061c800000, 0x000000061cc00000|  0%| F|  |TAMS 0x000000061c800000, 0x000000061c800000| Untracked 
| 115|0x000000061cc00000, 0x000000061cc00000, 0x000000061d000000|  0%| F|  |TAMS 0x000000061cc00000, 0x000000061cc00000| Untracked 
| 116|0x000000061d000000, 0x000000061d000000, 0x000000061d400000|  0%| F|  |TAMS 0x000000061d000000, 0x000000061d000000| Untracked 
| 117|0x000000061d400000, 0x000000061d400000, 0x000000061d800000|  0%| F|  |TAMS 0x000000061d400000, 0x000000061d400000| Untracked 
| 118|0x000000061d800000, 0x000000061d800000, 0x000000061dc00000|  0%| F|  |TAMS 0x000000061d800000, 0x000000061d800000| Untracked 
| 119|0x000000061dc00000, 0x000000061dc00000, 0x000000061e000000|  0%| F|  |TAMS 0x000000061dc00000, 0x000000061dc00000| Untracked 
| 120|0x000000061e000000, 0x000000061e000000, 0x000000061e400000|  0%| F|  |TAMS 0x000000061e000000, 0x000000061e000000| Untracked 
| 121|0x000000061e400000, 0x000000061e400000, 0x000000061e800000|  0%| F|  |TAMS 0x000000061e400000, 0x000000061e400000| Untracked 
| 122|0x000000061e800000, 0x000000061e800000, 0x000000061ec00000|  0%| F|  |TAMS 0x000000061e800000, 0x000000061e800000| Untracked 
| 123|0x000000061ec00000, 0x000000061ec00000, 0x000000061f000000|  0%| F|  |TAMS 0x000000061ec00000, 0x000000061ec00000| Untracked 
| 124|0x000000061f000000, 0x000000061f000000, 0x000000061f400000|  0%| F|  |TAMS 0x000000061f000000, 0x000000061f000000| Untracked 
| 125|0x000000061f400000, 0x000000061f400000, 0x000000061f800000|  0%| F|  |TAMS 0x000000061f400000, 0x000000061f400000| Untracked 
| 126|0x000000061f800000, 0x000000061f800000, 0x000000061fc00000|  0%| F|  |TAMS 0x000000061f800000, 0x000000061f800000| Untracked 
| 127|0x000000061fc00000, 0x000000061fc00000, 0x0000000620000000|  0%| F|  |TAMS 0x000000061fc00000, 0x000000061fc00000| Untracked 
| 128|0x0000000620000000, 0x0000000620000000, 0x0000000620400000|  0%| F|  |TAMS 0x0000000620000000, 0x0000000620000000| Untracked 
| 129|0x0000000620400000, 0x0000000620400000, 0x0000000620800000|  0%| F|  |TAMS 0x0000000620400000, 0x0000000620400000| Untracked 
| 130|0x0000000620800000, 0x0000000620800000, 0x0000000620c00000|  0%| F|  |TAMS 0x0000000620800000, 0x0000000620800000| Untracked 
| 131|0x0000000620c00000, 0x0000000620c00000, 0x0000000621000000|  0%| F|  |TAMS 0x0000000620c00000, 0x0000000620c00000| Untracked 
| 132|0x0000000621000000, 0x0000000621000000, 0x0000000621400000|  0%| F|  |TAMS 0x0000000621000000, 0x0000000621000000| Untracked 
| 133|0x0000000621400000, 0x0000000621400000, 0x0000000621800000|  0%| F|  |TAMS 0x0000000621400000, 0x0000000621400000| Untracked 
| 134|0x0000000621800000, 0x0000000621800000, 0x0000000621c00000|  0%| F|  |TAMS 0x0000000621800000, 0x0000000621800000| Untracked 
| 135|0x0000000621c00000, 0x0000000621c00000, 0x0000000622000000|  0%| F|  |TAMS 0x0000000621c00000, 0x0000000621c00000| Untracked 
| 136|0x0000000622000000, 0x0000000622000000, 0x0000000622400000|  0%| F|  |TAMS 0x0000000622000000, 0x0000000622000000| Untracked 
| 137|0x0000000622400000, 0x0000000622400000, 0x0000000622800000|  0%| F|  |TAMS 0x0000000622400000, 0x0000000622400000| Untracked 
| 138|0x0000000622800000, 0x0000000622800000, 0x0000000622c00000|  0%| F|  |TAMS 0x0000000622800000, 0x0000000622800000| Untracked 
| 139|0x0000000622c00000, 0x0000000622c00000, 0x0000000623000000|  0%| F|  |TAMS 0x0000000622c00000, 0x0000000622c00000| Untracked 
| 140|0x0000000623000000, 0x0000000623000000, 0x0000000623400000|  0%| F|  |TAMS 0x0000000623000000, 0x0000000623000000| Untracked 
| 141|0x0000000623400000, 0x0000000623400000, 0x0000000623800000|  0%| F|  |TAMS 0x0000000623400000, 0x0000000623400000| Untracked 
| 142|0x0000000623800000, 0x0000000623800000, 0x0000000623c00000|  0%| F|  |TAMS 0x0000000623800000, 0x0000000623800000| Untracked 
| 143|0x0000000623c00000, 0x0000000623c00000, 0x0000000624000000|  0%| F|  |TAMS 0x0000000623c00000, 0x0000000623c00000| Untracked 
| 144|0x0000000624000000, 0x0000000624000000, 0x0000000624400000|  0%| F|  |TAMS 0x0000000624000000, 0x0000000624000000| Untracked 
| 145|0x0000000624400000, 0x0000000624400000, 0x0000000624800000|  0%| F|  |TAMS 0x0000000624400000, 0x0000000624400000| Untracked 
| 146|0x0000000624800000, 0x0000000624800000, 0x0000000624c00000|  0%| F|  |TAMS 0x0000000624800000, 0x0000000624800000| Untracked 
| 147|0x0000000624c00000, 0x0000000624c00000, 0x0000000625000000|  0%| F|  |TAMS 0x0000000624c00000, 0x0000000624c00000| Untracked 
| 148|0x0000000625000000, 0x0000000625000000, 0x0000000625400000|  0%| F|  |TAMS 0x0000000625000000, 0x0000000625000000| Untracked 
| 149|0x0000000625400000, 0x0000000625400000, 0x0000000625800000|  0%| F|  |TAMS 0x0000000625400000, 0x0000000625400000| Untracked 
| 150|0x0000000625800000, 0x0000000625800000, 0x0000000625c00000|  0%| F|  |TAMS 0x0000000625800000, 0x0000000625800000| Untracked 
| 151|0x0000000625c00000, 0x0000000625c00000, 0x0000000626000000|  0%| F|  |TAMS 0x0000000625c00000, 0x0000000625c00000| Untracked 
| 152|0x0000000626000000, 0x0000000626000000, 0x0000000626400000|  0%| F|  |TAMS 0x0000000626000000, 0x0000000626000000| Untracked 
| 153|0x0000000626400000, 0x0000000626400000, 0x0000000626800000|  0%| F|  |TAMS 0x0000000626400000, 0x0000000626400000| Untracked 
| 154|0x0000000626800000, 0x0000000626800000, 0x0000000626c00000|  0%| F|  |TAMS 0x0000000626800000, 0x0000000626800000| Untracked 
| 155|0x0000000626c00000, 0x0000000626c00000, 0x0000000627000000|  0%| F|  |TAMS 0x0000000626c00000, 0x0000000626c00000| Untracked 
| 156|0x0000000627000000, 0x0000000627000000, 0x0000000627400000|  0%| F|  |TAMS 0x0000000627000000, 0x0000000627000000| Untracked 
| 157|0x0000000627400000, 0x0000000627400000, 0x0000000627800000|  0%| F|  |TAMS 0x0000000627400000, 0x0000000627400000| Untracked 
| 158|0x0000000627800000, 0x0000000627800000, 0x0000000627c00000|  0%| F|  |TAMS 0x0000000627800000, 0x0000000627800000| Untracked 
| 159|0x0000000627c00000, 0x0000000627c00000, 0x0000000628000000|  0%| F|  |TAMS 0x0000000627c00000, 0x0000000627c00000| Untracked 
| 160|0x0000000628000000, 0x0000000628000000, 0x0000000628400000|  0%| F|  |TAMS 0x0000000628000000, 0x0000000628000000| Untracked 
| 161|0x0000000628400000, 0x0000000628400000, 0x0000000628800000|  0%| F|  |TAMS 0x0000000628400000, 0x0000000628400000| Untracked 
| 162|0x0000000628800000, 0x0000000628800000, 0x0000000628c00000|  0%| F|  |TAMS 0x0000000628800000, 0x0000000628800000| Untracked 
| 163|0x0000000628c00000, 0x0000000628c00000, 0x0000000629000000|  0%| F|  |TAMS 0x0000000628c00000, 0x0000000628c00000| Untracked 
| 164|0x0000000629000000, 0x0000000629000000, 0x0000000629400000|  0%| F|  |TAMS 0x0000000629000000, 0x0000000629000000| Untracked 
| 165|0x0000000629400000, 0x0000000629400000, 0x0000000629800000|  0%| F|  |TAMS 0x0000000629400000, 0x0000000629400000| Untracked 
| 166|0x0000000629800000, 0x0000000629800000, 0x0000000629c00000|  0%| F|  |TAMS 0x0000000629800000, 0x0000000629800000| Untracked 
| 167|0x0000000629c00000, 0x0000000629c00000, 0x000000062a000000|  0%| F|  |TAMS 0x0000000629c00000, 0x0000000629c00000| Untracked 
| 168|0x000000062a000000, 0x000000062a000000, 0x000000062a400000|  0%| F|  |TAMS 0x000000062a000000, 0x000000062a000000| Untracked 
| 169|0x000000062a400000, 0x000000062a400000, 0x000000062a800000|  0%| F|  |TAMS 0x000000062a400000, 0x000000062a400000| Untracked 
| 170|0x000000062a800000, 0x000000062a800000, 0x000000062ac00000|  0%| F|  |TAMS 0x000000062a800000, 0x000000062a800000| Untracked 
| 171|0x000000062ac00000, 0x000000062ac00000, 0x000000062b000000|  0%| F|  |TAMS 0x000000062ac00000, 0x000000062ac00000| Untracked 
| 172|0x000000062b000000, 0x000000062b000000, 0x000000062b400000|  0%| F|  |TAMS 0x000000062b000000, 0x000000062b000000| Untracked 
| 173|0x000000062b400000, 0x000000062b400000, 0x000000062b800000|  0%| F|  |TAMS 0x000000062b400000, 0x000000062b400000| Untracked 
| 174|0x000000062b800000, 0x000000062b800000, 0x000000062bc00000|  0%| F|  |TAMS 0x000000062b800000, 0x000000062b800000| Untracked 
| 175|0x000000062bc00000, 0x000000062bc00000, 0x000000062c000000|  0%| F|  |TAMS 0x000000062bc00000, 0x000000062bc00000| Untracked 
| 176|0x000000062c000000, 0x000000062c000000, 0x000000062c400000|  0%| F|  |TAMS 0x000000062c000000, 0x000000062c000000| Untracked 
| 177|0x000000062c400000, 0x000000062c400000, 0x000000062c800000|  0%| F|  |TAMS 0x000000062c400000, 0x000000062c400000| Untracked 
| 178|0x000000062c800000, 0x000000062c800000, 0x000000062cc00000|  0%| F|  |TAMS 0x000000062c800000, 0x000000062c800000| Untracked 
| 179|0x000000062cc00000, 0x000000062cc00000, 0x000000062d000000|  0%| F|  |TAMS 0x000000062cc00000, 0x000000062cc00000| Untracked 
| 180|0x000000062d000000, 0x000000062d000000, 0x000000062d400000|  0%| F|  |TAMS 0x000000062d000000, 0x000000062d000000| Untracked 
| 181|0x000000062d400000, 0x000000062d400000, 0x000000062d800000|  0%| F|  |TAMS 0x000000062d400000, 0x000000062d400000| Untracked 
| 182|0x000000062d800000, 0x000000062d800000, 0x000000062dc00000|  0%| F|  |TAMS 0x000000062d800000, 0x000000062d800000| Untracked 
| 183|0x000000062dc00000, 0x000000062dc00000, 0x000000062e000000|  0%| F|  |TAMS 0x000000062dc00000, 0x000000062dc00000| Untracked 
| 184|0x000000062e000000, 0x000000062e000000, 0x000000062e400000|  0%| F|  |TAMS 0x000000062e000000, 0x000000062e000000| Untracked 
| 185|0x000000062e400000, 0x000000062e400000, 0x000000062e800000|  0%| F|  |TAMS 0x000000062e400000, 0x000000062e400000| Untracked 
| 186|0x000000062e800000, 0x000000062e800000, 0x000000062ec00000|  0%| F|  |TAMS 0x000000062e800000, 0x000000062e800000| Untracked 
| 187|0x000000062ec00000, 0x000000062ec00000, 0x000000062f000000|  0%| F|  |TAMS 0x000000062ec00000, 0x000000062ec00000| Untracked 
| 188|0x000000062f000000, 0x000000062f000000, 0x000000062f400000|  0%| F|  |TAMS 0x000000062f000000, 0x000000062f000000| Untracked 
| 189|0x000000062f400000, 0x000000062f400000, 0x000000062f800000|  0%| F|  |TAMS 0x000000062f400000, 0x000000062f400000| Untracked 
| 190|0x000000062f800000, 0x000000062f800000, 0x000000062fc00000|  0%| F|  |TAMS 0x000000062f800000, 0x000000062f800000| Untracked 
| 191|0x000000062fc00000, 0x000000062fc00000, 0x0000000630000000|  0%| F|  |TAMS 0x000000062fc00000, 0x000000062fc00000| Untracked 
| 192|0x0000000630000000, 0x0000000630000000, 0x0000000630400000|  0%| F|  |TAMS 0x0000000630000000, 0x0000000630000000| Untracked 
| 193|0x0000000630400000, 0x0000000630400000, 0x0000000630800000|  0%| F|  |TAMS 0x0000000630400000, 0x0000000630400000| Untracked 
| 194|0x0000000630800000, 0x0000000630800000, 0x0000000630c00000|  0%| F|  |TAMS 0x0000000630800000, 0x0000000630800000| Untracked 
| 195|0x0000000630c00000, 0x0000000630c00000, 0x0000000631000000|  0%| F|  |TAMS 0x0000000630c00000, 0x0000000630c00000| Untracked 
| 196|0x0000000631000000, 0x0000000631000000, 0x0000000631400000|  0%| F|  |TAMS 0x0000000631000000, 0x0000000631000000| Untracked 
| 197|0x0000000631400000, 0x0000000631400000, 0x0000000631800000|  0%| F|  |TAMS 0x0000000631400000, 0x0000000631400000| Untracked 
| 198|0x0000000631800000, 0x0000000631800000, 0x0000000631c00000|  0%| F|  |TAMS 0x0000000631800000, 0x0000000631800000| Untracked 
| 199|0x0000000631c00000, 0x0000000631c00000, 0x0000000632000000|  0%| F|  |TAMS 0x0000000631c00000, 0x0000000631c00000| Untracked 
| 200|0x0000000632000000, 0x0000000632000000, 0x0000000632400000|  0%| F|  |TAMS 0x0000000632000000, 0x0000000632000000| Untracked 
| 201|0x0000000632400000, 0x0000000632400000, 0x0000000632800000|  0%| F|  |TAMS 0x0000000632400000, 0x0000000632400000| Untracked 
| 202|0x0000000632800000, 0x0000000632800000, 0x0000000632c00000|  0%| F|  |TAMS 0x0000000632800000, 0x0000000632800000| Untracked 
| 203|0x0000000632c00000, 0x0000000632c00000, 0x0000000633000000|  0%| F|  |TAMS 0x0000000632c00000, 0x0000000632c00000| Untracked 
| 204|0x0000000633000000, 0x0000000633000000, 0x0000000633400000|  0%| F|  |TAMS 0x0000000633000000, 0x0000000633000000| Untracked 
| 205|0x0000000633400000, 0x0000000633400000, 0x0000000633800000|  0%| F|  |TAMS 0x0000000633400000, 0x0000000633400000| Untracked 
| 206|0x0000000633800000, 0x0000000633800000, 0x0000000633c00000|  0%| F|  |TAMS 0x0000000633800000, 0x0000000633800000| Untracked 
| 207|0x0000000633c00000, 0x0000000633c00000, 0x0000000634000000|  0%| F|  |TAMS 0x0000000633c00000, 0x0000000633c00000| Untracked 
| 208|0x0000000634000000, 0x0000000634000000, 0x0000000634400000|  0%| F|  |TAMS 0x0000000634000000, 0x0000000634000000| Untracked 
| 209|0x0000000634400000, 0x0000000634400000, 0x0000000634800000|  0%| F|  |TAMS 0x0000000634400000, 0x0000000634400000| Untracked 
| 210|0x0000000634800000, 0x0000000634800000, 0x0000000634c00000|  0%| F|  |TAMS 0x0000000634800000, 0x0000000634800000| Untracked 
| 211|0x0000000634c00000, 0x0000000634c00000, 0x0000000635000000|  0%| F|  |TAMS 0x0000000634c00000, 0x0000000634c00000| Untracked 
| 212|0x0000000635000000, 0x0000000635000000, 0x0000000635400000|  0%| F|  |TAMS 0x0000000635000000, 0x0000000635000000| Untracked 
| 213|0x0000000635400000, 0x0000000635400000, 0x0000000635800000|  0%| F|  |TAMS 0x0000000635400000, 0x0000000635400000| Untracked 
| 214|0x0000000635800000, 0x0000000635800000, 0x0000000635c00000|  0%| F|  |TAMS 0x0000000635800000, 0x0000000635800000| Untracked 
| 215|0x0000000635c00000, 0x0000000635c00000, 0x0000000636000000|  0%| F|  |TAMS 0x0000000635c00000, 0x0000000635c00000| Untracked 
| 216|0x0000000636000000, 0x0000000636000000, 0x0000000636400000|  0%| F|  |TAMS 0x0000000636000000, 0x0000000636000000| Untracked 
| 217|0x0000000636400000, 0x0000000636400000, 0x0000000636800000|  0%| F|  |TAMS 0x0000000636400000, 0x0000000636400000| Untracked 
| 218|0x0000000636800000, 0x0000000636800000, 0x0000000636c00000|  0%| F|  |TAMS 0x0000000636800000, 0x0000000636800000| Untracked 
| 219|0x0000000636c00000, 0x0000000636c00000, 0x0000000637000000|  0%| F|  |TAMS 0x0000000636c00000, 0x0000000636c00000| Untracked 
| 220|0x0000000637000000, 0x0000000637000000, 0x0000000637400000|  0%| F|  |TAMS 0x0000000637000000, 0x0000000637000000| Untracked 
| 221|0x0000000637400000, 0x0000000637400000, 0x0000000637800000|  0%| F|  |TAMS 0x0000000637400000, 0x0000000637400000| Untracked 
| 222|0x0000000637800000, 0x0000000637800000, 0x0000000637c00000|  0%| F|  |TAMS 0x0000000637800000, 0x0000000637800000| Untracked 
| 223|0x0000000637c00000, 0x0000000637c00000, 0x0000000638000000|  0%| F|  |TAMS 0x0000000637c00000, 0x0000000637c00000| Untracked 
| 224|0x0000000638000000, 0x0000000638000000, 0x0000000638400000|  0%| F|  |TAMS 0x0000000638000000, 0x0000000638000000| Untracked 
| 225|0x0000000638400000, 0x0000000638400000, 0x0000000638800000|  0%| F|  |TAMS 0x0000000638400000, 0x0000000638400000| Untracked 
| 226|0x0000000638800000, 0x0000000638800000, 0x0000000638c00000|  0%| F|  |TAMS 0x0000000638800000, 0x0000000638800000| Untracked 
| 227|0x0000000638c00000, 0x0000000638c00000, 0x0000000639000000|  0%| F|  |TAMS 0x0000000638c00000, 0x0000000638c00000| Untracked 
| 228|0x0000000639000000, 0x0000000639000000, 0x0000000639400000|  0%| F|  |TAMS 0x0000000639000000, 0x0000000639000000| Untracked 
| 229|0x0000000639400000, 0x0000000639400000, 0x0000000639800000|  0%| F|  |TAMS 0x0000000639400000, 0x0000000639400000| Untracked 
| 230|0x0000000639800000, 0x0000000639800000, 0x0000000639c00000|  0%| F|  |TAMS 0x0000000639800000, 0x0000000639800000| Untracked 
| 231|0x0000000639c00000, 0x0000000639c00000, 0x000000063a000000|  0%| F|  |TAMS 0x0000000639c00000, 0x0000000639c00000| Untracked 
| 232|0x000000063a000000, 0x000000063a000000, 0x000000063a400000|  0%| F|  |TAMS 0x000000063a000000, 0x000000063a000000| Untracked 
| 233|0x000000063a400000, 0x000000063a400000, 0x000000063a800000|  0%| F|  |TAMS 0x000000063a400000, 0x000000063a400000| Untracked 
| 234|0x000000063a800000, 0x000000063a800000, 0x000000063ac00000|  0%| F|  |TAMS 0x000000063a800000, 0x000000063a800000| Untracked 
| 235|0x000000063ac00000, 0x000000063ac00000, 0x000000063b000000|  0%| F|  |TAMS 0x000000063ac00000, 0x000000063ac00000| Untracked 
| 236|0x000000063b000000, 0x000000063b000000, 0x000000063b400000|  0%| F|  |TAMS 0x000000063b000000, 0x000000063b000000| Untracked 
| 237|0x000000063b400000, 0x000000063b400000, 0x000000063b800000|  0%| F|  |TAMS 0x000000063b400000, 0x000000063b400000| Untracked 
| 238|0x000000063b800000, 0x000000063b800000, 0x000000063bc00000|  0%| F|  |TAMS 0x000000063b800000, 0x000000063b800000| Untracked 
| 239|0x000000063bc00000, 0x000000063bc00000, 0x000000063c000000|  0%| F|  |TAMS 0x000000063bc00000, 0x000000063bc00000| Untracked 
| 240|0x000000063c000000, 0x000000063c000000, 0x000000063c400000|  0%| F|  |TAMS 0x000000063c000000, 0x000000063c000000| Untracked 
| 241|0x000000063c400000, 0x000000063c400000, 0x000000063c800000|  0%| F|  |TAMS 0x000000063c400000, 0x000000063c400000| Untracked 
| 242|0x000000063c800000, 0x000000063c800000, 0x000000063cc00000|  0%| F|  |TAMS 0x000000063c800000, 0x000000063c800000| Untracked 
| 243|0x000000063cc00000, 0x000000063cc00000, 0x000000063d000000|  0%| F|  |TAMS 0x000000063cc00000, 0x000000063cc00000| Untracked 
| 244|0x000000063d000000, 0x000000063d000000, 0x000000063d400000|  0%| F|  |TAMS 0x000000063d000000, 0x000000063d000000| Untracked 
| 245|0x000000063d400000, 0x000000063d400000, 0x000000063d800000|  0%| F|  |TAMS 0x000000063d400000, 0x000000063d400000| Untracked 
| 246|0x000000063d800000, 0x000000063d800000, 0x000000063dc00000|  0%| F|  |TAMS 0x000000063d800000, 0x000000063d800000| Untracked 
| 247|0x000000063dc00000, 0x000000063dc00000, 0x000000063e000000|  0%| F|  |TAMS 0x000000063dc00000, 0x000000063dc00000| Untracked 
| 248|0x000000063e000000, 0x000000063e000000, 0x000000063e400000|  0%| F|  |TAMS 0x000000063e000000, 0x000000063e000000| Untracked 
| 249|0x000000063e400000, 0x000000063e400000, 0x000000063e800000|  0%| F|  |TAMS 0x000000063e400000, 0x000000063e400000| Untracked 
| 250|0x000000063e800000, 0x000000063e800000, 0x000000063ec00000|  0%| F|  |TAMS 0x000000063e800000, 0x000000063e800000| Untracked 
| 251|0x000000063ec00000, 0x000000063ec00000, 0x000000063f000000|  0%| F|  |TAMS 0x000000063ec00000, 0x000000063ec00000| Untracked 
| 252|0x000000063f000000, 0x000000063f000000, 0x000000063f400000|  0%| F|  |TAMS 0x000000063f000000, 0x000000063f000000| Untracked 
| 253|0x000000063f400000, 0x000000063f400000, 0x000000063f800000|  0%| F|  |TAMS 0x000000063f400000, 0x000000063f400000| Untracked 
| 254|0x000000063f800000, 0x000000063f800000, 0x000000063fc00000|  0%| F|  |TAMS 0x000000063f800000, 0x000000063f800000| Untracked 
| 255|0x000000063fc00000, 0x000000063fc00000, 0x0000000640000000|  0%| F|  |TAMS 0x000000063fc00000, 0x000000063fc00000| Untracked 
| 256|0x0000000640000000, 0x0000000640000000, 0x0000000640400000|  0%| F|  |TAMS 0x0000000640000000, 0x0000000640000000| Untracked 
| 257|0x0000000640400000, 0x0000000640400000, 0x0000000640800000|  0%| F|  |TAMS 0x0000000640400000, 0x0000000640400000| Untracked 
| 258|0x0000000640800000, 0x0000000640800000, 0x0000000640c00000|  0%| F|  |TAMS 0x0000000640800000, 0x0000000640800000| Untracked 
| 259|0x0000000640c00000, 0x0000000640c00000, 0x0000000641000000|  0%| F|  |TAMS 0x0000000640c00000, 0x0000000640c00000| Untracked 
| 260|0x0000000641000000, 0x0000000641000000, 0x0000000641400000|  0%| F|  |TAMS 0x0000000641000000, 0x0000000641000000| Untracked 
| 261|0x0000000641400000, 0x0000000641400000, 0x0000000641800000|  0%| F|  |TAMS 0x0000000641400000, 0x0000000641400000| Untracked 
| 262|0x0000000641800000, 0x0000000641800000, 0x0000000641c00000|  0%| F|  |TAMS 0x0000000641800000, 0x0000000641800000| Untracked 
| 263|0x0000000641c00000, 0x0000000641c00000, 0x0000000642000000|  0%| F|  |TAMS 0x0000000641c00000, 0x0000000641c00000| Untracked 
| 264|0x0000000642000000, 0x0000000642000000, 0x0000000642400000|  0%| F|  |TAMS 0x0000000642000000, 0x0000000642000000| Untracked 
| 265|0x0000000642400000, 0x0000000642400000, 0x0000000642800000|  0%| F|  |TAMS 0x0000000642400000, 0x0000000642400000| Untracked 
| 266|0x0000000642800000, 0x0000000642800000, 0x0000000642c00000|  0%| F|  |TAMS 0x0000000642800000, 0x0000000642800000| Untracked 
| 267|0x0000000642c00000, 0x0000000642c00000, 0x0000000643000000|  0%| F|  |TAMS 0x0000000642c00000, 0x0000000642c00000| Untracked 
| 268|0x0000000643000000, 0x0000000643000000, 0x0000000643400000|  0%| F|  |TAMS 0x0000000643000000, 0x0000000643000000| Untracked 
| 269|0x0000000643400000, 0x0000000643400000, 0x0000000643800000|  0%| F|  |TAMS 0x0000000643400000, 0x0000000643400000| Untracked 
| 270|0x0000000643800000, 0x0000000643800000, 0x0000000643c00000|  0%| F|  |TAMS 0x0000000643800000, 0x0000000643800000| Untracked 
| 271|0x0000000643c00000, 0x0000000643c00000, 0x0000000644000000|  0%| F|  |TAMS 0x0000000643c00000, 0x0000000643c00000| Untracked 
| 272|0x0000000644000000, 0x0000000644000000, 0x0000000644400000|  0%| F|  |TAMS 0x0000000644000000, 0x0000000644000000| Untracked 
| 273|0x0000000644400000, 0x0000000644400000, 0x0000000644800000|  0%| F|  |TAMS 0x0000000644400000, 0x0000000644400000| Untracked 
| 274|0x0000000644800000, 0x0000000644800000, 0x0000000644c00000|  0%| F|  |TAMS 0x0000000644800000, 0x0000000644800000| Untracked 
| 275|0x0000000644c00000, 0x0000000644c00000, 0x0000000645000000|  0%| F|  |TAMS 0x0000000644c00000, 0x0000000644c00000| Untracked 
| 276|0x0000000645000000, 0x0000000645000000, 0x0000000645400000|  0%| F|  |TAMS 0x0000000645000000, 0x0000000645000000| Untracked 
| 277|0x0000000645400000, 0x0000000645400000, 0x0000000645800000|  0%| F|  |TAMS 0x0000000645400000, 0x0000000645400000| Untracked 
| 278|0x0000000645800000, 0x0000000645800000, 0x0000000645c00000|  0%| F|  |TAMS 0x0000000645800000, 0x0000000645800000| Untracked 
| 279|0x0000000645c00000, 0x0000000645c00000, 0x0000000646000000|  0%| F|  |TAMS 0x0000000645c00000, 0x0000000645c00000| Untracked 
| 280|0x0000000646000000, 0x0000000646000000, 0x0000000646400000|  0%| F|  |TAMS 0x0000000646000000, 0x0000000646000000| Untracked 
| 281|0x0000000646400000, 0x0000000646400000, 0x0000000646800000|  0%| F|  |TAMS 0x0000000646400000, 0x0000000646400000| Untracked 
| 282|0x0000000646800000, 0x0000000646800000, 0x0000000646c00000|  0%| F|  |TAMS 0x0000000646800000, 0x0000000646800000| Untracked 
| 283|0x0000000646c00000, 0x0000000646c00000, 0x0000000647000000|  0%| F|  |TAMS 0x0000000646c00000, 0x0000000646c00000| Untracked 
| 284|0x0000000647000000, 0x0000000647000000, 0x0000000647400000|  0%| F|  |TAMS 0x0000000647000000, 0x0000000647000000| Untracked 
| 285|0x0000000647400000, 0x0000000647400000, 0x0000000647800000|  0%| F|  |TAMS 0x0000000647400000, 0x0000000647400000| Untracked 
| 286|0x0000000647800000, 0x0000000647800000, 0x0000000647c00000|  0%| F|  |TAMS 0x0000000647800000, 0x0000000647800000| Untracked 
| 287|0x0000000647c00000, 0x0000000647c00000, 0x0000000648000000|  0%| F|  |TAMS 0x0000000647c00000, 0x0000000647c00000| Untracked 
| 288|0x0000000648000000, 0x0000000648000000, 0x0000000648400000|  0%| F|  |TAMS 0x0000000648000000, 0x0000000648000000| Untracked 
| 289|0x0000000648400000, 0x0000000648400000, 0x0000000648800000|  0%| F|  |TAMS 0x0000000648400000, 0x0000000648400000| Untracked 
| 290|0x0000000648800000, 0x0000000648800000, 0x0000000648c00000|  0%| F|  |TAMS 0x0000000648800000, 0x0000000648800000| Untracked 
| 291|0x0000000648c00000, 0x0000000648c00000, 0x0000000649000000|  0%| F|  |TAMS 0x0000000648c00000, 0x0000000648c00000| Untracked 
| 292|0x0000000649000000, 0x0000000649000000, 0x0000000649400000|  0%| F|  |TAMS 0x0000000649000000, 0x0000000649000000| Untracked 
| 293|0x0000000649400000, 0x0000000649400000, 0x0000000649800000|  0%| F|  |TAMS 0x0000000649400000, 0x0000000649400000| Untracked 
| 294|0x0000000649800000, 0x0000000649800000, 0x0000000649c00000|  0%| F|  |TAMS 0x0000000649800000, 0x0000000649800000| Untracked 
| 295|0x0000000649c00000, 0x0000000649c00000, 0x000000064a000000|  0%| F|  |TAMS 0x0000000649c00000, 0x0000000649c00000| Untracked 
| 296|0x000000064a000000, 0x000000064a000000, 0x000000064a400000|  0%| F|  |TAMS 0x000000064a000000, 0x000000064a000000| Untracked 
| 297|0x000000064a400000, 0x000000064a400000, 0x000000064a800000|  0%| F|  |TAMS 0x000000064a400000, 0x000000064a400000| Untracked 
| 298|0x000000064a800000, 0x000000064a800000, 0x000000064ac00000|  0%| F|  |TAMS 0x000000064a800000, 0x000000064a800000| Untracked 
| 299|0x000000064ac00000, 0x000000064ac00000, 0x000000064b000000|  0%| F|  |TAMS 0x000000064ac00000, 0x000000064ac00000| Untracked 
| 300|0x000000064b000000, 0x000000064b000000, 0x000000064b400000|  0%| F|  |TAMS 0x000000064b000000, 0x000000064b000000| Untracked 
| 301|0x000000064b400000, 0x000000064b400000, 0x000000064b800000|  0%| F|  |TAMS 0x000000064b400000, 0x000000064b400000| Untracked 
| 302|0x000000064b800000, 0x000000064b800000, 0x000000064bc00000|  0%| F|  |TAMS 0x000000064b800000, 0x000000064b800000| Untracked 
| 303|0x000000064bc00000, 0x000000064bc00000, 0x000000064c000000|  0%| F|  |TAMS 0x000000064bc00000, 0x000000064bc00000| Untracked 
| 304|0x000000064c000000, 0x000000064c000000, 0x000000064c400000|  0%| F|  |TAMS 0x000000064c000000, 0x000000064c000000| Untracked 
| 305|0x000000064c400000, 0x000000064c400000, 0x000000064c800000|  0%| F|  |TAMS 0x000000064c400000, 0x000000064c400000| Untracked 
| 306|0x000000064c800000, 0x000000064c800000, 0x000000064cc00000|  0%| F|  |TAMS 0x000000064c800000, 0x000000064c800000| Untracked 
| 307|0x000000064cc00000, 0x000000064cc00000, 0x000000064d000000|  0%| F|  |TAMS 0x000000064cc00000, 0x000000064cc00000| Untracked 
| 308|0x000000064d000000, 0x000000064d2236b0, 0x000000064d400000| 53%| S|CS|TAMS 0x000000064d000000, 0x000000064d000000| Complete 
| 309|0x000000064d400000, 0x000000064d400000, 0x000000064d800000|  0%| F|  |TAMS 0x000000064d400000, 0x000000064d400000| Untracked 
| 310|0x000000064d800000, 0x000000064d800000, 0x000000064dc00000|  0%| F|  |TAMS 0x000000064d800000, 0x000000064d800000| Untracked 
| 311|0x000000064dc00000, 0x000000064dc00000, 0x000000064e000000|  0%| F|  |TAMS 0x000000064dc00000, 0x000000064dc00000| Untracked 
| 312|0x000000064e000000, 0x000000064e000000, 0x000000064e400000|  0%| F|  |TAMS 0x000000064e000000, 0x000000064e000000| Untracked 
| 313|0x000000064e400000, 0x000000064e400000, 0x000000064e800000|  0%| F|  |TAMS 0x000000064e400000, 0x000000064e400000| Untracked 
| 314|0x000000064e800000, 0x000000064e800000, 0x000000064ec00000|  0%| F|  |TAMS 0x000000064e800000, 0x000000064e800000| Untracked 
| 315|0x000000064ec00000, 0x000000064ec00000, 0x000000064f000000|  0%| F|  |TAMS 0x000000064ec00000, 0x000000064ec00000| Untracked 
| 316|0x000000064f000000, 0x000000064f000000, 0x000000064f400000|  0%| F|  |TAMS 0x000000064f000000, 0x000000064f000000| Untracked 
| 317|0x000000064f400000, 0x000000064f400000, 0x000000064f800000|  0%| F|  |TAMS 0x000000064f400000, 0x000000064f400000| Untracked 
| 318|0x000000064f800000, 0x000000064f800000, 0x000000064fc00000|  0%| F|  |TAMS 0x000000064f800000, 0x000000064f800000| Untracked 
| 319|0x000000064fc00000, 0x000000064fc00000, 0x0000000650000000|  0%| F|  |TAMS 0x000000064fc00000, 0x000000064fc00000| Untracked 
| 320|0x0000000650000000, 0x0000000650000000, 0x0000000650400000|  0%| F|  |TAMS 0x0000000650000000, 0x0000000650000000| Untracked 
| 321|0x0000000650400000, 0x0000000650400000, 0x0000000650800000|  0%| F|  |TAMS 0x0000000650400000, 0x0000000650400000| Untracked 
| 322|0x0000000650800000, 0x0000000650800000, 0x0000000650c00000|  0%| F|  |TAMS 0x0000000650800000, 0x0000000650800000| Untracked 
| 323|0x0000000650c00000, 0x0000000650c00000, 0x0000000651000000|  0%| F|  |TAMS 0x0000000650c00000, 0x0000000650c00000| Untracked 
| 324|0x0000000651000000, 0x0000000651000000, 0x0000000651400000|  0%| F|  |TAMS 0x0000000651000000, 0x0000000651000000| Untracked 

Card table byte_map: [0x0000020cf50c0000,0x0000020cf60c0000] _byte_map_base: 0x0000020cf20c0000

Marking Bits (Prev, Next): (CMBitMap*) 0x0000020cec7767b0, (CMBitMap*) 0x0000020cec776770
 Prev Bits: [0x0000020ca0000000, 0x0000020ca8000000)
 Next Bits: [0x0000020cf70c0000, 0x0000020cff0c0000)

Polling page: 0x0000020cea670000

Metaspace:

Usage:
  Non-class:    133.33 MB used.
      Class:     19.38 MB used.
       Both:    152.72 MB used.

Virtual space:
  Non-class space:      192.00 MB reserved,     133.88 MB ( 70%) committed,  3 nodes.
      Class space:        1.00 GB reserved,      19.81 MB (  2%) committed,  1 nodes.
             Both:        1.19 GB reserved,     153.69 MB ( 13%) committed. 

Chunk freelists:
   Non-Class:  9.60 MB
       Class:  12.01 MB
        Both:  21.61 MB

MaxMetaspaceSize: 4.00 GB
CompressedClassSpaceSize: 1.00 GB
Initial GC threshold: 21.00 MB
Current GC threshold: 228.56 MB
CDS: on
MetaspaceReclaimPolicy: balanced
 - commit_granule_bytes: 65536.
 - commit_granule_words: 8192.
 - virtual_space_node_default_size: 8388608.
 - enlarge_chunks_in_place: 1.
 - new_chunks_are_fully_committed: 0.
 - uncommit_free_chunks: 1.
 - use_allocation_guard: 0.
 - handle_deallocations: 1.


Internal statistics:

num_allocs_failed_limit: 9.
num_arena_births: 1428.
num_arena_deaths: 2.
num_vsnodes_births: 4.
num_vsnodes_deaths: 0.
num_space_committed: 2457.
num_space_uncommitted: 0.
num_chunks_returned_to_freelist: 15.
num_chunks_taken_from_freelist: 7390.
num_chunk_merges: 3.
num_chunk_splits: 5283.
num_chunks_enlarged: 4027.
num_inconsistent_stats: 0.

CodeHeap 'non-profiled nmethods': size=259264Kb used=13227Kb max_used=13227Kb free=246036Kb
 bounds [0x0000020c902d0000, 0x0000020c90fc0000, 0x0000020ca0000000]
CodeHeap 'profiled nmethods': size=259264Kb used=38856Kb max_used=39947Kb free=220407Kb
 bounds [0x0000020c80000000, 0x0000020c82710000, 0x0000020c8fd30000]
CodeHeap 'non-nmethods': size=5760Kb used=2636Kb max_used=2690Kb free=3123Kb
 bounds [0x0000020c8fd30000, 0x0000020c8ffe0000, 0x0000020c902d0000]
 total_blobs=19943 nmethods=18726 adapters=1127
 compilation: enabled
              stopped_count=0, restarted_count=0
 full_count=0

Compilation events (20 events):
Event: 952.597 Thread 0x0000020cff6a4770 nmethod 23475 0x0000020c80b30310 code [0x0000020c80b304a0, 0x0000020c80b30678]
Event: 952.597 Thread 0x0000020cff6a4770 23468       3       org.gradle.internal.execution.steps.IdentityCacheStep::execute (15 bytes)
Event: 952.599 Thread 0x0000020cff6a2da0 nmethod 23476 0x0000020c90fba890 code [0x0000020c90fbaa20, 0x0000020c90fbab38]
Event: 952.633 Thread 0x0000020cff6a4770 nmethod 23468 0x0000020c80b2fb90 code [0x0000020c80b2fd40, 0x0000020c80b30008]
Event: 952.633 Thread 0x0000020cff6a4770 23478       3       sun.nio.cs.StreamEncoder::implWrite (137 bytes)
Event: 952.647 Thread 0x0000020cff6a4770 nmethod 23478 0x0000020c81b98810 code [0x0000020c81b98a40, 0x0000020c81b99288]
Event: 952.647 Thread 0x0000020cff6a4770 23477       3       org.gradle.internal.lazy.Lazy$$Lambda$42/0x0000020d0103b5d0::of (12 bytes)
Event: 952.662 Thread 0x0000020cff6a4770 nmethod 23477 0x0000020c81963410 code [0x0000020c819635c0, 0x0000020c81963858]
Event: 952.662 Thread 0x0000020cff6a4770 23469       3       org.gradle.internal.execution.steps.ExecuteWorkBuildOperationFiringStep::execute (10 bytes)
Event: 952.685 Thread 0x0000020cff6a4770 nmethod 23469 0x0000020c80d88d10 code [0x0000020c80d89040, 0x0000020c80d8a7b8]
Event: 952.975 Thread 0x0000020cff6a4770 23479       1       org.gradle.api.internal.artifacts.transform.TransformingAsyncArtifactListener$1::requireArtifactFiles (2 bytes)
Event: 952.975 Thread 0x0000020cff6a4770 nmethod 23479 0x0000020c90fbac90 code [0x0000020c90fbae20, 0x0000020c90fbaef8]
Event: 952.990 Thread 0x0000020cff6a4770 23480       3       java.util.zip.ZipFile$ZipEntryIterator::<init> (20 bytes)
Event: 952.991 Thread 0x0000020cff6a4770 nmethod 23480 0x0000020c81962e10 code [0x0000020c81962fa0, 0x0000020c81963178]
Event: 953.013 Thread 0x0000020cff6a4770 23481       3       java.io.OutputStreamWriter::close (8 bytes)
Event: 953.014 Thread 0x0000020cff6a4770 nmethod 23481 0x0000020c80d88690 code [0x0000020c80d88840, 0x0000020c80d889a8]
Event: 953.014 Thread 0x0000020cff6a4770 23482   !   3       sun.nio.cs.StreamEncoder::close (48 bytes)
Event: 953.014 Thread 0x0000020cff6a4770 nmethod 23482 0x0000020c81d2e010 code [0x0000020c81d2e1e0, 0x0000020c81d2e528]
Event: 953.014 Thread 0x0000020cff6a4770 23483   !   3       sun.nio.cs.StreamEncoder::implClose (148 bytes)
Event: 953.015 Thread 0x0000020cff6a4770 nmethod 23483 0x0000020c81c60c10 code [0x0000020c81c60ea0, 0x0000020c81c619c8]

GC Heap History (20 events):
Event: 100.500 GC heap after
{Heap after GC invocations=93 (full 0):
 garbage-first heap   total 675840K, used 195575K [0x0000000600000000, 0x0000000800000000)
  region size 4096K, 6 young (24576K), 6 survivors (24576K)
 Metaspace       used 140336K, committed 141248K, reserved 1179648K
  class space    used 18064K, committed 18496K, reserved 1048576K
}
Event: 102.002 GC heap before
{Heap before GC invocations=93 (full 0):
 garbage-first heap   total 675840K, used 572407K [0x0000000600000000, 0x0000000800000000)
  region size 4096K, 99 young (405504K), 6 survivors (24576K)
 Metaspace       used 140358K, committed 141248K, reserved 1179648K
  class space    used 18064K, committed 18496K, reserved 1048576K
}
Event: 102.046 GC heap after
{Heap after GC invocations=94 (full 0):
 garbage-first heap   total 1331200K, used 189758K [0x0000000600000000, 0x0000000800000000)
  region size 4096K, 5 young (20480K), 5 survivors (20480K)
 Metaspace       used 140358K, committed 141248K, reserved 1179648K
  class space    used 18064K, committed 18496K, reserved 1048576K
}
Event: 110.440 GC heap before
{Heap before GC invocations=94 (full 0):
 garbage-first heap   total 1331200K, used 967998K [0x0000000600000000, 0x0000000800000000)
  region size 4096K, 195 young (798720K), 5 survivors (20480K)
 Metaspace       used 140391K, committed 141312K, reserved 1179648K
  class space    used 18067K, committed 18496K, reserved 1048576K
}
Event: 110.545 GC heap after
{Heap after GC invocations=95 (full 0):
 garbage-first heap   total 1331200K, used 187416K [0x0000000600000000, 0x0000000800000000)
  region size 4096K, 4 young (16384K), 4 survivors (16384K)
 Metaspace       used 140391K, committed 141312K, reserved 1179648K
  class space    used 18067K, committed 18496K, reserved 1048576K
}
Event: 140.795 GC heap before
{Heap before GC invocations=95 (full 0):
 garbage-first heap   total 1331200K, used 969752K [0x0000000600000000, 0x0000000800000000)
  region size 4096K, 195 young (798720K), 4 survivors (16384K)
 Metaspace       used 140440K, committed 141312K, reserved 1179648K
  class space    used 18072K, committed 18496K, reserved 1048576K
}
Event: 140.994 GC heap after
{Heap after GC invocations=96 (full 0):
 garbage-first heap   total 1331200K, used 191359K [0x0000000600000000, 0x0000000800000000)
  region size 4096K, 7 young (28672K), 7 survivors (28672K)
 Metaspace       used 140440K, committed 141312K, reserved 1179648K
  class space    used 18072K, committed 18496K, reserved 1048576K
}
Event: 870.684 GC heap before
{Heap before GC invocations=96 (full 0):
 garbage-first heap   total 1331200K, used 961407K [0x0000000600000000, 0x0000000800000000)
  region size 4096K, 195 young (798720K), 7 survivors (28672K)
 Metaspace       used 156315K, committed 157248K, reserved 1245184K
  class space    used 19846K, committed 20288K, reserved 1048576K
}
Event: 893.318 GC heap after
{Heap after GC invocations=97 (full 0):
 garbage-first heap   total 1331200K, used 207477K [0x0000000600000000, 0x0000000800000000)
  region size 4096K, 11 young (45056K), 11 survivors (45056K)
 Metaspace       used 156315K, committed 157248K, reserved 1245184K
  class space    used 19846K, committed 20288K, reserved 1048576K
}
Event: 898.635 GC heap before
{Heap before GC invocations=97 (full 0):
 garbage-first heap   total 1331200K, used 223861K [0x0000000600000000, 0x0000000800000000)
  region size 4096K, 16 young (65536K), 11 survivors (45056K)
 Metaspace       used 156319K, committed 157248K, reserved 1245184K
  class space    used 19847K, committed 20288K, reserved 1048576K
}
Event: 916.084 GC heap after
{Heap after GC invocations=98 (full 0):
 garbage-first heap   total 1331200K, used 211786K [0x0000000600000000, 0x0000000800000000)
  region size 4096K, 2 young (8192K), 2 survivors (8192K)
 Metaspace       used 156319K, committed 157248K, reserved 1245184K
  class space    used 19847K, committed 20288K, reserved 1048576K
}
Event: 923.658 GC heap before
{Heap before GC invocations=98 (full 0):
 garbage-first heap   total 1331200K, used 269130K [0x0000000600000000, 0x0000000800000000)
  region size 4096K, 16 young (65536K), 2 survivors (8192K)
 Metaspace       used 156322K, committed 157248K, reserved 1245184K
  class space    used 19848K, committed 20288K, reserved 1048576K
}
Event: 923.679 GC heap after
{Heap after GC invocations=99 (full 0):
 garbage-first heap   total 1331200K, used 209265K [0x0000000600000000, 0x0000000800000000)
  region size 4096K, 1 young (4096K), 1 survivors (4096K)
 Metaspace       used 156322K, committed 157248K, reserved 1245184K
  class space    used 19848K, committed 20288K, reserved 1048576K
}
Event: 925.559 GC heap before
{Heap before GC invocations=99 (full 0):
 garbage-first heap   total 1331200K, used 270705K [0x0000000600000000, 0x0000000800000000)
  region size 4096K, 16 young (65536K), 1 survivors (4096K)
 Metaspace       used 156332K, committed 157248K, reserved 1245184K
  class space    used 19848K, committed 20288K, reserved 1048576K
}
Event: 925.574 GC heap after
{Heap after GC invocations=100 (full 0):
 garbage-first heap   total 1331200K, used 209912K [0x0000000600000000, 0x0000000800000000)
  region size 4096K, 1 young (4096K), 1 survivors (4096K)
 Metaspace       used 156332K, committed 157248K, reserved 1245184K
  class space    used 19848K, committed 20288K, reserved 1048576K
}
Event: 949.528 GC heap before
{Heap before GC invocations=100 (full 0):
 garbage-first heap   total 1331200K, used 267256K [0x0000000600000000, 0x0000000800000000)
  region size 4096K, 16 young (65536K), 1 survivors (4096K)
 Metaspace       used 156369K, committed 157312K, reserved 1245184K
  class space    used 19850K, committed 20288K, reserved 1048576K
}
Event: 949.550 GC heap after
{Heap after GC invocations=101 (full 0):
 garbage-first heap   total 1331200K, used 211764K [0x0000000600000000, 0x0000000800000000)
  region size 4096K, 2 young (8192K), 2 survivors (8192K)
 Metaspace       used 156369K, committed 157312K, reserved 1245184K
  class space    used 19850K, committed 20288K, reserved 1048576K
}
Event: 951.606 GC heap before
{Heap before GC invocations=101 (full 0):
 garbage-first heap   total 1331200K, used 269108K [0x0000000600000000, 0x0000000800000000)
  region size 4096K, 16 young (65536K), 2 survivors (8192K)
 Metaspace       used 156372K, committed 157312K, reserved 1245184K
  class space    used 19850K, committed 20288K, reserved 1048576K
}
Event: 951.778 GC heap after
{Heap after GC invocations=102 (full 0):
 garbage-first heap   total 1331200K, used 216006K [0x0000000600000000, 0x0000000800000000)
  region size 4096K, 2 young (8192K), 2 survivors (8192K)
 Metaspace       used 156372K, committed 157312K, reserved 1245184K
  class space    used 19850K, committed 20288K, reserved 1048576K
}
Event: 953.017 GC heap before
{Heap before GC invocations=102 (full 0):
 garbage-first heap   total 1331200K, used 273350K [0x0000000600000000, 0x0000000800000000)
  region size 4096K, 16 young (65536K), 2 survivors (8192K)
 Metaspace       used 156381K, committed 157376K, reserved 1245184K
  class space    used 19850K, committed 20288K, reserved 1048576K
}

Deoptimization events (20 events):
Event: 945.222 Thread 0x0000020d450689b0 Uncommon trap: trap_request=0xffffff45 fr.pc=0x0000020c90d9dff8 relative=0x0000000000000b18
Event: 945.222 Thread 0x0000020d450689b0 Uncommon trap: reason=unstable_if action=reinterpret pc=0x0000020c90d9dff8 method=org.gradle.internal.snapshot.PathUtil.equalChars(CCLorg/gradle/internal/snapshot/CaseSensitivity;)Z @ 11 c2
Event: 945.222 Thread 0x0000020d450689b0 DEOPT PACKING pc=0x0000020c90d9dff8 sp=0x0000007e5f3f3e60
Event: 945.224 Thread 0x0000020d450689b0 DEOPT UNPACKING pc=0x0000020c8fd823a3 sp=0x0000007e5f3f3d80 mode 2
Event: 945.261 Thread 0x0000020d45067060 Uncommon trap: trap_request=0xffffff45 fr.pc=0x0000020c90e0731c relative=0x000000000000183c
Event: 945.264 Thread 0x0000020d45067060 Uncommon trap: reason=unstable_if action=reinterpret pc=0x0000020c90e0731c method=org.gradle.cache.internal.btree.FreeListBlockStore$FreeListBlock.alloc(Lorg/gradle/cache/internal/btree/Block;)V @ 149 c2
Event: 945.264 Thread 0x0000020d45067060 DEOPT PACKING pc=0x0000020c90e0731c sp=0x0000007e5f7fe280
Event: 945.265 Thread 0x0000020d45067060 DEOPT UNPACKING pc=0x0000020c8fd823a3 sp=0x0000007e5f7fe208 mode 2
Event: 945.322 Thread 0x0000020d45067060 Uncommon trap: trap_request=0xffffffde fr.pc=0x0000020c909cc3f4 relative=0x0000000000000434
Event: 945.322 Thread 0x0000020d45067060 Uncommon trap: reason=class_check action=maybe_recompile pc=0x0000020c909cc3f4 method=com.google.common.cache.LocalCache$Segment.enqueueNotification(Ljava/lang/Object;ILjava/lang/Object;ILcom/google/common/cache/RemovalCause;)V @ 14 c2
Event: 945.322 Thread 0x0000020d45067060 DEOPT PACKING pc=0x0000020c909cc3f4 sp=0x0000007e5f7fde80
Event: 945.342 Thread 0x0000020d45067060 DEOPT UNPACKING pc=0x0000020c8fd823a3 sp=0x0000007e5f7fde48 mode 2
Event: 946.172 Thread 0x0000020d450689b0 DEOPT PACKING pc=0x0000020c81dcdc2b sp=0x0000007e5f3f4470
Event: 946.174 Thread 0x0000020d450689b0 DEOPT UNPACKING pc=0x0000020c8fd82b43 sp=0x0000007e5f3f39a8 mode 0
Event: 950.600 Thread 0x0000020d4936b580 DEOPT PACKING pc=0x0000020c81dcdc2b sp=0x0000007e630fc3e0
Event: 950.600 Thread 0x0000020d4936b580 DEOPT UNPACKING pc=0x0000020c8fd82b43 sp=0x0000007e630fb918 mode 0
Event: 951.383 Thread 0x0000020d49369720 Uncommon trap: trap_request=0xffffffbe fr.pc=0x0000020c90757734 relative=0x0000000000000394
Event: 951.383 Thread 0x0000020d49369720 Uncommon trap: reason=profile_predicate action=maybe_recompile pc=0x0000020c90757734 method=java.util.regex.Pattern$Slice.match(Ljava/util/regex/Matcher;ILjava/lang/CharSequence;)Z @ 18 c2
Event: 951.383 Thread 0x0000020d49369720 DEOPT PACKING pc=0x0000020c90757734 sp=0x0000007e632fb9f0
Event: 951.386 Thread 0x0000020d49369720 DEOPT UNPACKING pc=0x0000020c8fd823a3 sp=0x0000007e632fb970 mode 2

Classes unloaded (5 events):
Event: 26.198 Thread 0x0000020cff686660 Unloading class 0x0000020d0152c000 '_BuildScript_$_run_closure1$_closure2'
Event: 26.198 Thread 0x0000020cff686660 Unloading class 0x0000020d01524a98 '_BuildScript_$_run_closure1'
Event: 26.198 Thread 0x0000020cff686660 Unloading class 0x0000020d01524568 '_BuildScript_'
Event: 26.198 Thread 0x0000020cff686660 Unloading class 0x0000020d015242b0 'GradleAnnotationProcessorPatchPlugin$AnnotationProcessorModelBuilder'
Event: 26.198 Thread 0x0000020cff686660 Unloading class 0x0000020d01524000 'GradleAnnotationProcessorPatchPlugin'

Classes redefined (0 events):
No events

Internal exceptions (20 events):
Event: 293.880 Thread 0x0000020d4affb170 Exception <a 'java/lang/NoSuchMethodError'{0x0000000639a6c758}: static [Ljava/lang/Integer;.<clinit>()V> (0x0000000639a6c758) 
thrown [s\open\src\hotspot\share\prims\jni.cpp, line 1112]
Event: 517.814 Thread 0x0000020d4951add0 Exception <a 'sun/nio/fs/WindowsException'{0x000000063a3f7e58}> (0x000000063a3f7e58) 
thrown [s\open\src\hotspot\share\prims\jni.cpp, line 516]
Event: 517.847 Thread 0x0000020d4951add0 Exception <a 'sun/nio/fs/WindowsException'{0x000000063a3fa500}> (0x000000063a3fa500) 
thrown [s\open\src\hotspot\share\prims\jni.cpp, line 516]
Event: 517.854 Thread 0x0000020d4951add0 Exception <a 'sun/nio/fs/WindowsException'{0x000000063a3fc8f8}> (0x000000063a3fc8f8) 
thrown [s\open\src\hotspot\share\prims\jni.cpp, line 516]
Event: 517.862 Thread 0x0000020d4951add0 Exception <a 'sun/nio/fs/WindowsException'{0x000000063a3fe998}> (0x000000063a3fe998) 
thrown [s\open\src\hotspot\share\prims\jni.cpp, line 516]
Event: 518.951 Thread 0x0000020d4951add0 Exception <a 'sun/nio/fs/WindowsException'{0x0000000638d5c8f0}> (0x0000000638d5c8f0) 
thrown [s\open\src\hotspot\share\prims\jni.cpp, line 516]
Event: 518.953 Thread 0x0000020d4951add0 Exception <a 'sun/nio/fs/WindowsException'{0x0000000638d5eca0}> (0x0000000638d5eca0) 
thrown [s\open\src\hotspot\share\prims\jni.cpp, line 516]
Event: 518.953 Thread 0x0000020d4951add0 Exception <a 'sun/nio/fs/WindowsException'{0x0000000638d60c88}> (0x0000000638d60c88) 
thrown [s\open\src\hotspot\share\prims\jni.cpp, line 516]
Event: 519.186 Thread 0x0000020d4951add0 Exception <a 'sun/nio/fs/WindowsException'{0x0000000638d6f8c8}> (0x0000000638d6f8c8) 
thrown [s\open\src\hotspot\share\prims\jni.cpp, line 516]
Event: 545.044 Thread 0x0000020d450689b0 Implicit null exception at 0x0000020c90cd7886 to 0x0000020c90cd8a7c
Event: 556.519 Thread 0x0000020d4936a650 Implicit null exception at 0x0000020c90b7d2db to 0x0000020c90b7d354
Event: 571.067 Thread 0x0000020d450689b0 Implicit null exception at 0x0000020c90d5f5a7 to 0x0000020c90d63380
Event: 573.036 Thread 0x0000020d450689b0 Implicit null exception at 0x0000020c90d0d20b to 0x0000020c90d0da58
Event: 662.943 Thread 0x0000020d4951d650 Implicit null exception at 0x0000020c90dab44b to 0x0000020c90db3258
Event: 682.258 Thread 0x0000020d450689b0 Implicit null exception at 0x0000020c90d9a4a7 to 0x0000020c90da1c3c
Event: 731.560 Thread 0x0000020d4936e310 Implicit null exception at 0x0000020c90f33bf3 to 0x0000020c90f34b10
Event: 731.560 Thread 0x0000020d450689b0 Implicit null exception at 0x0000020c90f33bf3 to 0x0000020c90f34b10
Event: 732.309 Thread 0x0000020d4936e310 Implicit null exception at 0x0000020c90f33bf3 to 0x0000020c90f34b10
Event: 732.310 Thread 0x0000020d49369210 Implicit null exception at 0x0000020c90f33bf3 to 0x0000020c90f34b10
Event: 732.310 Thread 0x0000020d450689b0 Implicit null exception at 0x0000020c90f33bf3 to 0x0000020c90f34b10

VM Operations (20 events):
Event: 925.575 Executing VM operation: G1CollectForAllocation done
Event: 927.575 Executing VM operation: Cleanup
Event: 928.014 Executing VM operation: Cleanup done
Event: 945.023 Executing VM operation: Cleanup
Event: 945.036 Executing VM operation: Cleanup done
Event: 946.036 Executing VM operation: Cleanup
Event: 946.050 Executing VM operation: Cleanup done
Event: 948.050 Executing VM operation: Cleanup
Event: 948.050 Executing VM operation: Cleanup done
Event: 949.050 Executing VM operation: Cleanup
Event: 949.051 Executing VM operation: Cleanup done
Event: 949.528 Executing VM operation: G1CollectForAllocation
Event: 949.551 Executing VM operation: G1CollectForAllocation done
Event: 951.552 Executing VM operation: Cleanup
Event: 951.552 Executing VM operation: Cleanup done
Event: 951.605 Executing VM operation: G1CollectForAllocation
Event: 951.778 Executing VM operation: G1CollectForAllocation done
Event: 952.779 Executing VM operation: Cleanup
Event: 952.779 Executing VM operation: Cleanup done
Event: 953.017 Executing VM operation: G1CollectForAllocation

Events (20 events):
Event: 736.265 Thread 0x0000020cff6a5c70 flushing nmethod 0x0000020c824c8a10
Event: 736.265 Thread 0x0000020cff6a5c70 flushing nmethod 0x0000020c824cce90
Event: 736.265 Thread 0x0000020cff6a5c70 flushing nmethod 0x0000020c824de890
Event: 736.265 Thread 0x0000020cff6a5c70 flushing nmethod 0x0000020c82571090
Event: 736.265 Thread 0x0000020cff6a5c70 flushing nmethod 0x0000020c82590210
Event: 736.265 Thread 0x0000020cff6a5c70 flushing nmethod 0x0000020c82590790
Event: 736.265 Thread 0x0000020cff6a5c70 flushing nmethod 0x0000020c82591a90
Event: 736.266 Thread 0x0000020cff6a5c70 flushing nmethod 0x0000020c8259ea90
Event: 736.266 Thread 0x0000020cff6a5c70 flushing nmethod 0x0000020c825a3590
Event: 736.266 Thread 0x0000020cff6a5c70 flushing nmethod 0x0000020c825a4590
Event: 736.266 Thread 0x0000020cff6a5c70 flushing nmethod 0x0000020c82617390
Event: 736.266 Thread 0x0000020cff6a5c70 flushing nmethod 0x0000020c82622d10
Event: 736.266 Thread 0x0000020cff6a5c70 flushing nmethod 0x0000020c8262a690
Event: 736.266 Thread 0x0000020cff6a5c70 flushing nmethod 0x0000020c8262c490
Event: 736.267 Thread 0x0000020cff6a5c70 flushing nmethod 0x0000020c82670c90
Event: 736.267 Thread 0x0000020cff6a5c70 flushing nmethod 0x0000020c826dc310
Event: 893.645 loading class sun/rmi/transport/DGCClient$EndpointEntry$CleanRequest
Event: 894.380 loading class sun/rmi/transport/DGCClient$EndpointEntry$CleanRequest done
Event: 894.887 Thread 0x0000020d493687f0 Thread added: 0x0000020d493687f0
Event: 921.633 Thread 0x0000020d472efd50 Thread exited: 0x0000020d472efd50


Dynamic libraries:
0x00007ff693330000 - 0x00007ff693340000 	C:\Program Files\Java\jdk-17\bin\java.exe
0x00007ffd82090000 - 0x00007ffd82288000 	C:\WINDOWS\SYSTEM32\ntdll.dll
0x00007ffd800c0000 - 0x00007ffd80182000 	C:\WINDOWS\System32\KERNEL32.DLL
0x00007ffd7fca0000 - 0x00007ffd7ff96000 	C:\WINDOWS\System32\KERNELBASE.dll
0x00007ffd7fa60000 - 0x00007ffd7fb60000 	C:\WINDOWS\System32\ucrtbase.dll
0x00007ffd746e0000 - 0x00007ffd746f9000 	C:\Program Files\Java\jdk-17\bin\jli.dll
0x00007ffd80f30000 - 0x00007ffd80fdf000 	C:\WINDOWS\System32\ADVAPI32.dll
0x00007ffd81390000 - 0x00007ffd8142e000 	C:\WINDOWS\System32\msvcrt.dll
0x00007ffd81fb0000 - 0x00007ffd8204f000 	C:\WINDOWS\System32\sechost.dll
0x00007ffd81530000 - 0x00007ffd81653000 	C:\WINDOWS\System32\RPCRT4.dll
0x00007ffd6e310000 - 0x00007ffd6e32b000 	C:\Program Files\Java\jdk-17\bin\VCRUNTIME140.dll
0x00007ffd7f980000 - 0x00007ffd7f9a7000 	C:\WINDOWS\System32\bcrypt.dll
0x00007ffd80ff0000 - 0x00007ffd8118d000 	C:\WINDOWS\System32\USER32.dll
0x00007ffd7fa30000 - 0x00007ffd7fa52000 	C:\WINDOWS\System32\win32u.dll
0x00007ffd803d0000 - 0x00007ffd803fb000 	C:\WINDOWS\System32\GDI32.dll
0x00007ffd7ffa0000 - 0x00007ffd800ba000 	C:\WINDOWS\System32\gdi32full.dll
0x00007ffd7f730000 - 0x00007ffd7f7cd000 	C:\WINDOWS\System32\msvcp_win.dll
0x00007ffd6db20000 - 0x00007ffd6ddba000 	C:\WINDOWS\WinSxS\amd64_microsoft.windows.common-controls_6595b64144ccf1df_6.0.19041.5794_none_60bcd33171f2783c\COMCTL32.dll
0x00007ffd77330000 - 0x00007ffd7733a000 	C:\WINDOWS\SYSTEM32\VERSION.dll
0x00007ffd81190000 - 0x00007ffd811bf000 	C:\WINDOWS\System32\IMM32.DLL
0x00007ffd7b0c0000 - 0x00007ffd7b0cc000 	C:\Program Files\Java\jdk-17\bin\vcruntime140_1.dll
0x00007ffd6e230000 - 0x00007ffd6e2be000 	C:\Program Files\Java\jdk-17\bin\msvcp140.dll
0x00007ffd575a0000 - 0x00007ffd58181000 	C:\Program Files\Java\jdk-17\bin\server\jvm.dll
0x00007ffd814c0000 - 0x00007ffd814c8000 	C:\WINDOWS\System32\PSAPI.DLL
0x00007ffd73dc0000 - 0x00007ffd73de7000 	C:\WINDOWS\SYSTEM32\WINMM.dll
0x00007ffd7a330000 - 0x00007ffd7a339000 	C:\WINDOWS\SYSTEM32\WSOCK32.dll
0x00007ffd80ec0000 - 0x00007ffd80f2b000 	C:\WINDOWS\System32\ws2_32.DLL
0x00007ffd7d5b0000 - 0x00007ffd7d5c2000 	C:\WINDOWS\SYSTEM32\kernel.appcore.dll
0x00007ffd78bc0000 - 0x00007ffd78bca000 	C:\Program Files\Java\jdk-17\bin\jimage.dll
0x00007ffd69e00000 - 0x00007ffd6a001000 	C:\WINDOWS\SYSTEM32\DBGHELP.DLL
0x00007ffd69a90000 - 0x00007ffd69ac4000 	C:\WINDOWS\SYSTEM32\dbgcore.DLL
0x00007ffd7fc10000 - 0x00007ffd7fc92000 	C:\WINDOWS\System32\bcryptPrimitives.dll
0x00007ffd6e300000 - 0x00007ffd6e30e000 	C:\Program Files\Java\jdk-17\bin\instrument.dll
0x00007ffd6e200000 - 0x00007ffd6e225000 	C:\Program Files\Java\jdk-17\bin\java.dll
0x00007ffd69d20000 - 0x00007ffd69df7000 	C:\Program Files\Java\jdk-17\bin\jsvml.dll
0x00007ffd81710000 - 0x00007ffd81e7e000 	C:\WINDOWS\System32\SHELL32.dll
0x00007ffd7d7b0000 - 0x00007ffd7df53000 	C:\WINDOWS\SYSTEM32\windows.storage.dll
0x00007ffd80a80000 - 0x00007ffd80dd3000 	C:\WINDOWS\System32\combase.dll
0x00007ffd7f090000 - 0x00007ffd7f0bb000 	C:\WINDOWS\SYSTEM32\Wldp.dll
0x00007ffd80300000 - 0x00007ffd803cd000 	C:\WINDOWS\System32\OLEAUT32.dll
0x00007ffd81660000 - 0x00007ffd8170d000 	C:\WINDOWS\System32\SHCORE.dll
0x00007ffd814d0000 - 0x00007ffd81525000 	C:\WINDOWS\System32\shlwapi.dll
0x00007ffd7f660000 - 0x00007ffd7f685000 	C:\WINDOWS\SYSTEM32\profapi.dll
0x00007ffd6e0b0000 - 0x00007ffd6e0c8000 	C:\Program Files\Java\jdk-17\bin\zip.dll
0x00007ffd6d4a0000 - 0x00007ffd6d4b9000 	C:\Program Files\Java\jdk-17\bin\net.dll
0x00007ffd77440000 - 0x00007ffd7754a000 	C:\WINDOWS\SYSTEM32\WINHTTP.dll
0x00007ffd7edf0000 - 0x00007ffd7ee5c000 	C:\WINDOWS\system32\mswsock.dll
0x00007ffd6d480000 - 0x00007ffd6d496000 	C:\Program Files\Java\jdk-17\bin\nio.dll
0x00007ffd6d470000 - 0x00007ffd6d480000 	C:\Program Files\Java\jdk-17\bin\verify.dll
0x00007ffd74560000 - 0x00007ffd74587000 	C:\Users\hp\.gradle\native\1def1411415f61bf3af743bc5b6707747c0891f09f0c88961ee8f79bc544acac\windows-amd64\native-platform.dll
0x0000000054600000 - 0x0000000054673000 	C:\Users\hp\.gradle\native\0.2.5\x86_64-windows-gnu\gradle-fileevents.dll
0x00007ffd6d460000 - 0x00007ffd6d46a000 	C:\Program Files\Java\jdk-17\bin\management.dll
0x00007ffd6d450000 - 0x00007ffd6d45b000 	C:\Program Files\Java\jdk-17\bin\management_ext.dll
0x00007ffd7efe0000 - 0x00007ffd7eff8000 	C:\WINDOWS\SYSTEM32\CRYPTSP.dll
0x00007ffd7e710000 - 0x00007ffd7e748000 	C:\WINDOWS\system32\rsaenh.dll
0x00007ffd7f620000 - 0x00007ffd7f64e000 	C:\WINDOWS\SYSTEM32\USERENV.dll
0x00007ffd7f000000 - 0x00007ffd7f00c000 	C:\WINDOWS\SYSTEM32\CRYPTBASE.dll
0x00007ffd7ead0000 - 0x00007ffd7eb0b000 	C:\WINDOWS\SYSTEM32\IPHLPAPI.DLL
0x00007ffd80a70000 - 0x00007ffd80a78000 	C:\WINDOWS\System32\NSI.dll
0x00007ffd78650000 - 0x00007ffd78667000 	C:\WINDOWS\SYSTEM32\dhcpcsvc6.DLL
0x00007ffd78e10000 - 0x00007ffd78e2d000 	C:\WINDOWS\SYSTEM32\dhcpcsvc.DLL
0x00007ffd7eb10000 - 0x00007ffd7ebda000 	C:\WINDOWS\SYSTEM32\DNSAPI.dll
0x00007ffd6d200000 - 0x00007ffd6d20e000 	C:\Program Files\Java\jdk-17\bin\sunmscapi.dll
0x00007ffd7f820000 - 0x00007ffd7f97d000 	C:\WINDOWS\System32\CRYPT32.dll
0x00007ffd7f100000 - 0x00007ffd7f127000 	C:\WINDOWS\SYSTEM32\ncrypt.dll
0x00007ffd7f0c0000 - 0x00007ffd7f0fb000 	C:\WINDOWS\SYSTEM32\NTASN1.dll
0x00007ffd53260000 - 0x00007ffd53267000 	C:\WINDOWS\system32\wshunix.dll
0x0000000054580000 - 0x00000000545f3000 	C:\Users\hp\AppData\Local\Temp\native-platform6563110004725607968dir\gradle-fileevents.dll
0x00007ffd69c90000 - 0x00007ffd69ca7000 	C:\WINDOWS\system32\napinsp.dll
0x00007ffd69ba0000 - 0x00007ffd69bbb000 	C:\WINDOWS\system32\pnrpnsp.dll
0x00007ffd7bdc0000 - 0x00007ffd7bddd000 	C:\WINDOWS\system32\wshbth.dll
0x00007ffd7b0a0000 - 0x00007ffd7b0bd000 	C:\WINDOWS\system32\NLAapi.dll
0x00007ffd69460000 - 0x00007ffd69472000 	C:\WINDOWS\System32\winrnr.dll
0x00007ffd78580000 - 0x00007ffd7858a000 	C:\Windows\System32\rasadhlp.dll
0x00007ffd6ca90000 - 0x00007ffd6cb10000 	C:\WINDOWS\System32\fwpuclnt.dll
0x00007ffd69cf0000 - 0x00007ffd69cf7000 	C:\Program Files\Java\jdk-17\bin\rmi.dll

dbghelp: loaded successfully - version: 4.0.5 - missing functions: none
symbol engine: initialized successfully - sym options: 0x614 - pdb path: .;C:\Program Files\Java\jdk-17\bin;C:\WINDOWS\SYSTEM32;C:\WINDOWS\WinSxS\amd64_microsoft.windows.common-controls_6595b64144ccf1df_6.0.19041.5794_none_60bcd33171f2783c;C:\Program Files\Java\jdk-17\bin\server;C:\Users\hp\.gradle\native\1def1411415f61bf3af743bc5b6707747c0891f09f0c88961ee8f79bc544acac\windows-amd64;C:\Users\hp\.gradle\native\0.2.5\x86_64-windows-gnu;C:\Users\hp\AppData\Local\Temp\native-platform6563110004725607968dir

VM Arguments:
jvm_args: --add-opens=java.base/java.lang=ALL-UNNAMED --add-opens=java.base/java.lang.invoke=ALL-UNNAMED --add-opens=java.base/java.util=ALL-UNNAMED --add-opens=java.prefs/java.util.prefs=ALL-UNNAMED --add-exports=jdk.compiler/com.sun.tools.javac.api=ALL-UNNAMED --add-exports=jdk.compiler/com.sun.tools.javac.util=ALL-UNNAMED --add-opens=java.base/java.util=ALL-UNNAMED --add-opens=java.prefs/java.util.prefs=ALL-UNNAMED --add-opens=java.base/java.nio.charset=ALL-UNNAMED --add-opens=java.base/java.net=ALL-UNNAMED --add-opens=java.base/java.util.concurrent.atomic=ALL-UNNAMED --add-opens=java.xml/javax.xml.namespace=ALL-UNNAMED -XX:MaxMetaspaceSize=4G -XX:ReservedCodeCacheSize=512m -XX:+HeapDumpOnOutOfMemoryError -Xmx8G -Dfile.encoding=UTF-8 -Duser.country=IN -Duser.language=en -Duser.variant -javaagent:C:\Users\hp\.gradle\wrapper\dists\gradle-8.12-all\ejduaidbjup3bmmkhw3rie4zb\gradle-8.12\lib\agents\gradle-instrumentation-agent-8.12.jar 
java_command: org.gradle.launcher.daemon.bootstrap.GradleDaemon 8.12
java_class_path (initial): C:\Users\hp\.gradle\wrapper\dists\gradle-8.12-all\ejduaidbjup3bmmkhw3rie4zb\gradle-8.12\lib\gradle-daemon-main-8.12.jar
Launcher Type: SUN_STANDARD

[Global flags]
     intx CICompilerCount                          = 3                                         {product} {ergonomic}
     uint ConcGCThreads                            = 1                                         {product} {ergonomic}
     uint G1ConcRefinementThreads                  = 4                                         {product} {ergonomic}
   size_t G1HeapRegionSize                         = 4194304                                   {product} {ergonomic}
    uintx GCDrainStackTargetSize                   = 64                                        {product} {ergonomic}
     bool HeapDumpOnOutOfMemoryError               = true                                   {manageable} {command line}
   size_t InitialHeapSize                          = 58720256                                  {product} {ergonomic}
   size_t MarkStackSize                            = 4194304                                   {product} {ergonomic}
   size_t MaxHeapSize                              = 8589934592                                {product} {command line}
   size_t MaxMetaspaceSize                         = 4294967296                                {product} {command line}
   size_t MaxNewSize                               = 5150605312                                {product} {ergonomic}
   size_t MinHeapDeltaBytes                        = 4194304                                   {product} {ergonomic}
   size_t MinHeapSize                              = 8388608                                   {product} {ergonomic}
    uintx NonNMethodCodeHeapSize                   = 5832780                                {pd product} {ergonomic}
    uintx NonProfiledCodeHeapSize                  = 265519066                              {pd product} {ergonomic}
    uintx ProfiledCodeHeapSize                     = 265519066                              {pd product} {ergonomic}
    uintx ReservedCodeCacheSize                    = 536870912                              {pd product} {command line}
     bool SegmentedCodeCache                       = true                                      {product} {ergonomic}
   size_t SoftMaxHeapSize                          = 8589934592                             {manageable} {ergonomic}
   double SweeperThreshold                         = 0.234375                                  {product} {ergonomic}
     bool UseCompressedClassPointers               = true                           {product lp64_product} {ergonomic}
     bool UseCompressedOops                        = true                           {product lp64_product} {ergonomic}
     bool UseG1GC                                  = true                                      {product} {ergonomic}
     bool UseLargePagesIndividualAllocation        = false                                  {pd product} {ergonomic}

Logging:
Log output configuration:
 #0: stdout all=warning uptime,level,tags
 #1: stderr all=off uptime,level,tags

Environment Variables:
CLASSPATH=D:\DIPLOMA\sem 6\AJP\mysql-connector-java-5.1.18-bin.jar;
PATH=c:\Users\hp\AppData\Local\Programs\cursor\resources\app\bin;C:\Program Files\apache-maven-3.8.8\bin;C:\ProgramData\Oracle\Java\javapath;C:\Program Files\Common Files\Oracle\Java\javapath;E:\smart_distributor\flutter_windows_3.32.2-stable\flutter\bin;C:\Program Files\Android\Android Studio\bin;C:\WINDOWS\system32;C:\WINDOWS;C:\WINDOWS\System32\Wbem;C:\WINDOWS\System32\WindowsPowerShell\v1.0\;C:\WINDOWS\System32\OpenSSH\;C:\Program Files (x86)\Microsoft SQL Server\100\Tools\Binn\;C:\Program Files\Microsoft SQL Server\100\Tools\Binn\;C:\Program Files\Microsoft SQL Server\100\DTS\Binn\;C:\Users\hp\AppData\Local\Programs\Python\Python312;C:\Users\hp\AppData\Local\Programs\Python\Python312\Scripts;C:\Program Files\Git\cmd;C:\Program Files\Java\jdk-17\bin;C:\Program Files\apache-maven-3.8.8\bin;C:\Program Files\MySQL\MySQL Shell 8.0\bin\;C:\Program Files\Java\jdk-17\bin;C:\flutter\bin;C:\Program Files\Android\Android Studio\bin;C:\Users\hp\AppData\Local\Microsoft\WindowsApps;C:\Program Files\JetBrains\IntelliJ IDEA Community Edition 2024.3.4.1\bin;C:\Users\hp\Ap;C:\Program Files\nodejs\;C:\ProgramData\chocolatey\bin;C:\Program Files\apache-maven-3.8.8\bin;C:\Program Files\MySQL\MySQL Shell 8.0\bin\;C:\Program Files\Java\jdk-17\bin;E:\smart_distributor\flutter_windows_3.32.2-stable\flutter\bin;C:\Program Files\Android\Android Studio\bin;C:\Users\hp\AppData\Local\Microsoft\WindowsApps;C:\Users\hp\AppData\Local\Programs\Microsoft VS Code\bin;C:\Program Files\JetBrains\IntelliJ IDEA Community Edition 2024.3.4.1\bin;;C:\Users\hp\AppData\Local\Programs\cursor\resources\app\bin;C:\Users\hp\AppData\Roaming\npm;
USERNAME=hp
OS=Windows_NT
PROCESSOR_IDENTIFIER=AMD64 Family 23 Model 24 Stepping 1, AuthenticAMD



---------------  S Y S T E M  ---------------

OS:
 Windows 10 , 64 bit Build 19041 (10.0.19041.5794)
OS uptime: 0 days 0:57 hours

CPU: total 4 (initial active 4) (4 cores per cpu, 2 threads per core) family 23 model 24 stepping 1 microcode 0x0, cx8, cmov, fxsr, ht, mmx, 3dnowpref, sse, sse2, sse3, ssse3, sse4a, sse4.1, sse4.2, popcnt, lzcnt, tsc, tscinvbit, avx, avx2, aes, clmul, bmi1, bmi2, adx, sha, fma, vzeroupper, clflush, clflushopt

Memory: 4k page, system-wide physical 3498M (126M free)
TotalPageFile size 14058M (AvailPageFile size 746M)
current process WorkingSet (physical memory assigned to process): 296M, peak: 872M
current process commit charge ("private bytes"): 1743M, peak: 3767M

vm_info: Java HotSpot(TM) 64-Bit Server VM (17.0.14+8-LTS-191) for windows-amd64 JRE (17.0.14+8-LTS-191), built on Dec  3 2024 11:07:59 by "mach5one" with MS VC++ 17.6 (VS2022)

END.
